{"/home/travis/build/npmtest/node-npmtest-moment-range/test.js":{"path":"/home/travis/build/npmtest/node-npmtest-moment-range/test.js","s":{"1":2,"2":2,"3":2,"4":2,"5":2,"6":2,"7":2,"8":1,"9":2,"10":2,"11":1,"12":1,"13":1,"14":1,"15":2,"16":2,"17":2,"18":2,"19":1,"20":1,"21":2,"22":2,"23":2,"24":1,"25":1,"26":1,"27":1,"28":1,"29":1,"30":1,"31":1,"32":1,"33":1,"34":1,"35":1,"36":1,"37":2,"38":2,"39":1,"40":2,"41":2,"42":1,"43":2,"44":2,"45":1,"46":2,"47":2,"48":1,"49":1,"50":1,"51":1,"52":1},"b":{"1":[2,1,1,1],"2":[1,1,1,1],"3":[1,1],"4":[1,1],"5":[1,1],"6":[1,1],"7":[1,1],"8":[1,1],"9":[1,1,1],"10":[1,1],"11":[1,1],"12":[1,1],"13":[1,1],"14":[1,1],"15":[1,1],"16":[1,1]},"f":{"1":2,"2":2,"3":2,"4":2,"5":2,"6":1,"7":1,"8":2,"9":2,"10":2,"11":2,"12":1},"fnMap":{"1":{"name":"(anonymous_1)","line":12,"loc":{"start":{"line":12,"column":1},"end":{"line":12,"column":13}}},"2":{"name":"(anonymous_2)","line":19,"loc":{"start":{"line":19,"column":5},"end":{"line":19,"column":17}}},"3":{"name":"(anonymous_3)","line":23,"loc":{"start":{"line":23,"column":24},"end":{"line":23,"column":36}}},"4":{"name":"(anonymous_4)","line":61,"loc":{"start":{"line":61,"column":5},"end":{"line":61,"column":17}}},"5":{"name":"(anonymous_5)","line":82,"loc":{"start":{"line":82,"column":5},"end":{"line":82,"column":17}}},"6":{"name":"(anonymous_6)","line":102,"loc":{"start":{"line":102,"column":83},"end":{"line":105,"column":10}},"skip":true},"7":{"name":"(anonymous_7)","line":113,"loc":{"start":{"line":113,"column":77},"end":{"line":116,"column":10}},"skip":true},"8":{"name":"(anonymous_8)","line":129,"loc":{"start":{"line":129,"column":12},"end":{"line":129,"column":40}},"skip":true},"9":{"name":"(anonymous_9)","line":137,"loc":{"start":{"line":137,"column":77},"end":{"line":140,"column":10}},"skip":true},"10":{"name":"(anonymous_10)","line":148,"loc":{"start":{"line":148,"column":83},"end":{"line":151,"column":10}},"skip":true},"11":{"name":"(anonymous_11)","line":159,"loc":{"start":{"line":159,"column":79},"end":{"line":162,"column":10}},"skip":true},"12":{"name":"(anonymous_12)","line":170,"loc":{"start":{"line":170,"column":75},"end":{"line":173,"column":10}},"skip":true}},"statementMap":{"1":{"start":{"line":12,"column":0},"end":{"line":185,"column":5}},"2":{"start":{"line":14,"column":4},"end":{"line":14,"column":14}},"3":{"start":{"line":19,"column":4},"end":{"line":56,"column":9}},"4":{"start":{"line":21,"column":8},"end":{"line":21,"column":19}},"5":{"start":{"line":23,"column":8},"end":{"line":35,"column":13}},"6":{"start":{"line":24,"column":12},"end":{"line":34,"column":13}},"7":{"start":{"line":25,"column":16},"end":{"line":28,"column":30}},"8":{"start":{"line":30,"column":16},"end":{"line":33,"column":27}},"9":{"start":{"line":37,"column":8},"end":{"line":39,"column":21}},"10":{"start":{"line":40,"column":8},"end":{"line":53,"column":9}},"11":{"start":{"line":43,"column":12},"end":{"line":46,"column":14}},"12":{"start":{"line":47,"column":12},"end":{"line":47,"column":18}},"13":{"start":{"line":50,"column":12},"end":{"line":51,"column":46}},"14":{"start":{"line":52,"column":12},"end":{"line":52,"column":18}},"15":{"start":{"line":55,"column":8},"end":{"line":55,"column":35}},"16":{"start":{"line":61,"column":4},"end":{"line":63,"column":9}},"17":{"start":{"line":62,"column":8},"end":{"line":62,"column":15}},"18":{"start":{"line":64,"column":4},"end":{"line":77,"column":5}},"19":{"start":{"line":70,"column":8},"end":{"line":70,"column":14}},"20":{"start":{"line":76,"column":8},"end":{"line":76,"column":14}},"21":{"start":{"line":82,"column":4},"end":{"line":84,"column":9}},"22":{"start":{"line":83,"column":8},"end":{"line":83,"column":15}},"23":{"start":{"line":85,"column":4},"end":{"line":184,"column":5}},"24":{"start":{"line":92,"column":8},"end":{"line":94,"column":63}},"25":{"start":{"line":95,"column":8},"end":{"line":95,"column":14}},"26":{"start":{"line":102,"column":8},"end":{"line":111,"column":10},"skip":true},"27":{"start":{"line":109,"column":12},"end":{"line":109,"column":55},"skip":true},"28":{"start":{"line":110,"column":12},"end":{"line":110,"column":48},"skip":true},"29":{"start":{"line":113,"column":8},"end":{"line":126,"column":10},"skip":true},"30":{"start":{"line":120,"column":12},"end":{"line":120,"column":76},"skip":true},"31":{"start":{"line":121,"column":12},"end":{"line":121,"column":73},"skip":true},"32":{"start":{"line":122,"column":12},"end":{"line":122,"column":74},"skip":true},"33":{"start":{"line":123,"column":12},"end":{"line":123,"column":79},"skip":true},"34":{"start":{"line":124,"column":12},"end":{"line":124,"column":25},"skip":true},"35":{"start":{"line":125,"column":12},"end":{"line":125,"column":45},"skip":true},"36":{"start":{"line":128,"column":8},"end":{"line":135,"column":14},"skip":true},"37":{"start":{"line":133,"column":16},"end":{"line":133,"column":29},"skip":true},"38":{"start":{"line":134,"column":16},"end":{"line":134,"column":55},"skip":true},"39":{"start":{"line":137,"column":8},"end":{"line":146,"column":10},"skip":true},"40":{"start":{"line":144,"column":12},"end":{"line":144,"column":25},"skip":true},"41":{"start":{"line":145,"column":12},"end":{"line":145,"column":45},"skip":true},"42":{"start":{"line":148,"column":8},"end":{"line":157,"column":10},"skip":true},"43":{"start":{"line":155,"column":12},"end":{"line":155,"column":25},"skip":true},"44":{"start":{"line":156,"column":12},"end":{"line":156,"column":48},"skip":true},"45":{"start":{"line":159,"column":8},"end":{"line":168,"column":10},"skip":true},"46":{"start":{"line":166,"column":12},"end":{"line":166,"column":25},"skip":true},"47":{"start":{"line":167,"column":12},"end":{"line":167,"column":46},"skip":true},"48":{"start":{"line":170,"column":8},"end":{"line":179,"column":10},"skip":true},"49":{"start":{"line":177,"column":12},"end":{"line":177,"column":94},"skip":true},"50":{"start":{"line":178,"column":12},"end":{"line":178,"column":48},"skip":true},"51":{"start":{"line":182,"column":8},"end":{"line":182,"column":35},"skip":true},"52":{"start":{"line":183,"column":8},"end":{"line":183,"column":14},"skip":true}},"branchMap":{"1":{"line":25,"type":"binary-expr","locations":[{"start":{"line":25,"column":23},"end":{"line":25,"column":62}},{"start":{"line":26,"column":20},"end":{"line":26,"column":70}},{"start":{"line":27,"column":20},"end":{"line":27,"column":71}},{"start":{"line":28,"column":20},"end":{"line":28,"column":29}}]},"2":{"line":30,"type":"binary-expr","locations":[{"start":{"line":30,"column":23},"end":{"line":30,"column":37}},{"start":{"line":31,"column":20},"end":{"line":31,"column":61}},{"start":{"line":32,"column":20},"end":{"line":32,"column":70}},{"start":{"line":33,"column":20},"end":{"line":33,"column":26}}]},"3":{"line":37,"type":"cond-expr","locations":[{"start":{"line":38,"column":14},"end":{"line":38,"column":20}},{"start":{"line":39,"column":14},"end":{"line":39,"column":20}}]},"4":{"line":40,"type":"switch","locations":[{"start":{"line":42,"column":8},"end":{"line":47,"column":18}},{"start":{"line":49,"column":8},"end":{"line":52,"column":18}}]},"5":{"line":44,"type":"binary-expr","locations":[{"start":{"line":44,"column":16},"end":{"line":44,"column":44}},{"start":{"line":44,"column":48},"end":{"line":44,"column":66}}]},"6":{"line":50,"type":"binary-expr","locations":[{"start":{"line":50,"column":21},"end":{"line":50,"column":49}},{"start":{"line":50,"column":53},"end":{"line":50,"column":72}}]},"7":{"line":64,"type":"switch","locations":[{"start":{"line":69,"column":4},"end":{"line":70,"column":14}},{"start":{"line":75,"column":4},"end":{"line":76,"column":14}}]},"8":{"line":85,"type":"switch","locations":[{"start":{"line":90,"column":4},"end":{"line":95,"column":14}},{"start":{"line":101,"column":4},"end":{"line":183,"column":14},"skip":true}]},"9":{"line":92,"type":"binary-expr","locations":[{"start":{"line":92,"column":18},"end":{"line":92,"column":32}},{"start":{"line":93,"column":12},"end":{"line":93,"column":53}},{"start":{"line":94,"column":12},"end":{"line":94,"column":61}}]},"10":{"line":102,"type":"binary-expr","locations":[{"start":{"line":102,"column":45},"end":{"line":102,"column":79},"skip":true},{"start":{"line":102,"column":83},"end":{"line":111,"column":9},"skip":true}]},"11":{"line":113,"type":"binary-expr","locations":[{"start":{"line":113,"column":42},"end":{"line":113,"column":73},"skip":true},{"start":{"line":113,"column":77},"end":{"line":126,"column":9},"skip":true}]},"12":{"line":128,"type":"binary-expr","locations":[{"start":{"line":128,"column":48},"end":{"line":128,"column":85},"skip":true},{"start":{"line":129,"column":12},"end":{"line":135,"column":13},"skip":true}]},"13":{"line":137,"type":"binary-expr","locations":[{"start":{"line":137,"column":42},"end":{"line":137,"column":73},"skip":true},{"start":{"line":137,"column":77},"end":{"line":146,"column":9},"skip":true}]},"14":{"line":148,"type":"binary-expr","locations":[{"start":{"line":148,"column":45},"end":{"line":148,"column":79},"skip":true},{"start":{"line":148,"column":83},"end":{"line":157,"column":9},"skip":true}]},"15":{"line":159,"type":"binary-expr","locations":[{"start":{"line":159,"column":43},"end":{"line":159,"column":75},"skip":true},{"start":{"line":159,"column":79},"end":{"line":168,"column":9},"skip":true}]},"16":{"line":170,"type":"binary-expr","locations":[{"start":{"line":170,"column":41},"end":{"line":170,"column":71},"skip":true},{"start":{"line":170,"column":75},"end":{"line":179,"column":9},"skip":true}]}},"code":["/* istanbul instrument in package npmtest_moment_range */","/*jslint","    bitwise: true,","    browser: true,","    maxerr: 8,","    maxlen: 96,","    node: true,","    nomen: true,","    regexp: true,","    stupid: true","*/","(function () {","    'use strict';","    var local;","","","","    // run shared js-env code - pre-init","    (function () {","        // init local","        local = {};","        // init modeJs","        local.modeJs = (function () {","            try {","                return typeof navigator.userAgent === 'string' &&","                    typeof document.querySelector('body') === 'object' &&","                    typeof XMLHttpRequest.prototype.open === 'function' &&","                    'browser';","            } catch (errorCaughtBrowser) {","                return module.exports &&","                    typeof process.versions.node === 'string' &&","                    typeof require('http').createServer === 'function' &&","                    'node';","            }","        }());","        // init global","        local.global = local.modeJs === 'browser'","            ? window","            : global;","        switch (local.modeJs) {","        // re-init local from window.local","        case 'browser':","            local = local.global.utility2.objectSetDefault(","                local.global.utility2_rollup || local.global.local,","                local.global.utility2","            );","            break;","        // re-init local from example.js","        case 'node':","            local = (local.global.utility2_rollup || require('utility2'))","                .requireExampleJsFromReadme();","            break;","        }","        // export local","        local.global.local = local;","    }());","","","","    // run shared js-env code - function","    (function () {","        return;","    }());","    switch (local.modeJs) {","","","","    // run browser js-env code - function","    case 'browser':","        break;","","","","    // run node js-env code - function","    case 'node':","        break;","    }","","","","    // run shared js-env code - post-init","    (function () {","        return;","    }());","    switch (local.modeJs) {","","","","    // run browser js-env code - post-init","    case 'browser':","        // run tests","        local.nop(local.modeTest &&","            document.querySelector('#testRunButton1') &&","            document.querySelector('#testRunButton1').click());","        break;","","","","    // run node js-env code - post-init","    /* istanbul ignore next */","    case 'node':","        local.testCase_buildApidoc_default = local.testCase_buildApidoc_default || function (","            options,","            onError","        ) {","        /*","         * this function will test buildApidoc's default handling-behavior-behavior","         */","            options = { modulePathList: module.paths };","            local.buildApidoc(options, onError);","        };","","        local.testCase_buildApp_default = local.testCase_buildApp_default || function (","            options,","            onError","        ) {","        /*","         * this function will test buildApp's default handling-behavior-behavior","         */","            local.testCase_buildReadme_default(options, local.onErrorThrow);","            local.testCase_buildLib_default(options, local.onErrorThrow);","            local.testCase_buildTest_default(options, local.onErrorThrow);","            local.testCase_buildCustomOrg_default(options, local.onErrorThrow);","            options = [];","            local.buildApp(options, onError);","        };","","        local.testCase_buildCustomOrg_default = local.testCase_buildCustomOrg_default ||","            function (options, onError) {","            /*","             * this function will test buildCustomOrg's default handling-behavior","             */","                options = {};","                local.buildCustomOrg(options, onError);","            };","","        local.testCase_buildLib_default = local.testCase_buildLib_default || function (","            options,","            onError","        ) {","        /*","         * this function will test buildLib's default handling-behavior","         */","            options = {};","            local.buildLib(options, onError);","        };","","        local.testCase_buildReadme_default = local.testCase_buildReadme_default || function (","            options,","            onError","        ) {","        /*","         * this function will test buildReadme's default handling-behavior-behavior","         */","            options = {};","            local.buildReadme(options, onError);","        };","","        local.testCase_buildTest_default = local.testCase_buildTest_default || function (","            options,","            onError","        ) {","        /*","         * this function will test buildTest's default handling-behavior","         */","            options = {};","            local.buildTest(options, onError);","        };","","        local.testCase_webpage_default = local.testCase_webpage_default || function (","            options,","            onError","        ) {","        /*","         * this function will test webpage's default handling-behavior","         */","            options = { modeCoverageMerge: true, url: local.serverLocalHost + '?modeTest=1' };","            local.browserTest(options, onError);","        };","","        // run test-server","        local.testRunServer(local);","        break;","    }","}());",""],"l":{"12":2,"14":2,"19":2,"21":2,"23":2,"24":2,"25":2,"30":1,"37":2,"40":2,"43":1,"47":1,"50":1,"52":1,"55":2,"61":2,"62":2,"64":2,"70":1,"76":1,"82":2,"83":2,"85":2,"92":1,"95":1,"102":1,"109":1,"110":1,"113":1,"120":1,"121":1,"122":1,"123":1,"124":1,"125":1,"128":1,"133":2,"134":2,"137":1,"144":2,"145":2,"148":1,"155":2,"156":2,"159":1,"166":2,"167":2,"170":1,"177":1,"178":1,"182":1,"183":1}},"/home/travis/build/npmtest/node-npmtest-moment-range/lib.npmtest_moment_range.js":{"path":"/home/travis/build/npmtest/node-npmtest-moment-range/lib.npmtest_moment_range.js","s":{"1":2,"2":2,"3":2,"4":2,"5":2,"6":2,"7":2,"8":1,"9":2,"10":2,"11":2,"12":2,"13":1,"14":1,"15":1,"16":1},"b":{"1":[2,1,1,1],"2":[1,1,1,1],"3":[1,1],"4":[2,2],"5":[1,1]},"f":{"1":2,"2":2,"3":2},"fnMap":{"1":{"name":"(anonymous_1)","line":12,"loc":{"start":{"line":12,"column":1},"end":{"line":12,"column":13}}},"2":{"name":"(anonymous_2)","line":19,"loc":{"start":{"line":19,"column":5},"end":{"line":19,"column":17}}},"3":{"name":"(anonymous_3)","line":23,"loc":{"start":{"line":23,"column":24},"end":{"line":23,"column":36}}}},"statementMap":{"1":{"start":{"line":12,"column":0},"end":{"line":53,"column":5}},"2":{"start":{"line":14,"column":4},"end":{"line":14,"column":14}},"3":{"start":{"line":19,"column":4},"end":{"line":52,"column":9}},"4":{"start":{"line":21,"column":8},"end":{"line":21,"column":19}},"5":{"start":{"line":23,"column":8},"end":{"line":35,"column":13}},"6":{"start":{"line":24,"column":12},"end":{"line":34,"column":13}},"7":{"start":{"line":25,"column":16},"end":{"line":28,"column":30}},"8":{"start":{"line":30,"column":16},"end":{"line":33,"column":27}},"9":{"start":{"line":37,"column":8},"end":{"line":39,"column":21}},"10":{"start":{"line":41,"column":8},"end":{"line":41,"column":54}},"11":{"start":{"line":43,"column":8},"end":{"line":43,"column":57}},"12":{"start":{"line":45,"column":8},"end":{"line":51,"column":9}},"13":{"start":{"line":46,"column":12},"end":{"line":46,"column":63}},"14":{"start":{"line":48,"column":12},"end":{"line":48,"column":35}},"15":{"start":{"line":49,"column":12},"end":{"line":49,"column":49}},"16":{"start":{"line":50,"column":12},"end":{"line":50,"column":43}}},"branchMap":{"1":{"line":25,"type":"binary-expr","locations":[{"start":{"line":25,"column":23},"end":{"line":25,"column":62}},{"start":{"line":26,"column":20},"end":{"line":26,"column":70}},{"start":{"line":27,"column":20},"end":{"line":27,"column":71}},{"start":{"line":28,"column":20},"end":{"line":28,"column":29}}]},"2":{"line":30,"type":"binary-expr","locations":[{"start":{"line":30,"column":23},"end":{"line":30,"column":37}},{"start":{"line":31,"column":20},"end":{"line":31,"column":61}},{"start":{"line":32,"column":20},"end":{"line":32,"column":70}},{"start":{"line":33,"column":20},"end":{"line":33,"column":26}}]},"3":{"line":37,"type":"cond-expr","locations":[{"start":{"line":38,"column":14},"end":{"line":38,"column":20}},{"start":{"line":39,"column":14},"end":{"line":39,"column":20}}]},"4":{"line":41,"type":"binary-expr","locations":[{"start":{"line":41,"column":16},"end":{"line":41,"column":44}},{"start":{"line":41,"column":48},"end":{"line":41,"column":53}}]},"5":{"line":45,"type":"if","locations":[{"start":{"line":45,"column":8},"end":{"line":45,"column":8}},{"start":{"line":45,"column":8},"end":{"line":45,"column":8}}]}},"code":["/* istanbul instrument in package npmtest_moment_range */","/*jslint","    bitwise: true,","    browser: true,","    maxerr: 8,","    maxlen: 96,","    node: true,","    nomen: true,","    regexp: true,","    stupid: true","*/","(function () {","    'use strict';","    var local;","","","","    // run shared js-env code - pre-init","    (function () {","        // init local","        local = {};","        // init modeJs","        local.modeJs = (function () {","            try {","                return typeof navigator.userAgent === 'string' &&","                    typeof document.querySelector('body') === 'object' &&","                    typeof XMLHttpRequest.prototype.open === 'function' &&","                    'browser';","            } catch (errorCaughtBrowser) {","                return module.exports &&","                    typeof process.versions.node === 'string' &&","                    typeof require('http').createServer === 'function' &&","                    'node';","            }","        }());","        // init global","        local.global = local.modeJs === 'browser'","            ? window","            : global;","        // init utility2_rollup","        local = local.global.utility2_rollup || local;","        // init lib","        local.local = local.npmtest_moment_range = local;","        // init exports","        if (local.modeJs === 'browser') {","            local.global.utility2_npmtest_moment_range = local;","        } else {","            module.exports = local;","            module.exports.__dirname = __dirname;","            module.exports.module = module;","        }","    }());","}());",""],"l":{"12":2,"14":2,"19":2,"21":2,"23":2,"24":2,"25":2,"30":1,"37":2,"41":2,"43":2,"45":2,"46":1,"48":1,"49":1,"50":1}},"/home/travis/build/npmtest/node-npmtest-moment-range/example.js":{"path":"/home/travis/build/npmtest/node-npmtest-moment-range/example.js","s":{"1":2,"2":2,"3":2,"4":2,"5":2,"6":2,"7":2,"8":1,"9":2,"10":2,"11":2,"12":2,"13":1,"14":2,"15":2,"16":2,"17":2,"18":2,"19":0,"20":2,"21":1,"22":1,"23":1,"24":1,"25":1,"26":0,"27":0,"28":1,"29":1,"30":2,"31":0,"32":0,"33":0,"34":1,"35":2,"36":2,"37":2,"38":2,"39":2,"40":2,"41":0,"42":2,"43":2,"44":2,"45":1,"46":3,"47":1,"48":1,"49":1,"50":1,"51":1,"52":1,"53":1,"54":1,"55":1,"56":1,"57":0,"58":1,"59":6,"60":6,"61":1,"62":2,"63":0,"64":2,"65":1,"66":1,"67":0,"68":0,"69":0,"70":0,"71":0,"72":0,"73":0,"74":0,"75":0,"76":0,"77":0,"78":0,"79":0,"80":0,"81":0,"82":0,"83":0},"b":{"1":[2,1,1,1],"2":[1,1,1,1],"3":[1,1],"4":[2,2],"5":[1,1],"6":[1,1],"7":[2,0],"8":[2,1,1,1,1,1],"9":[0,2,0],"10":[1,1],"11":[2,1,1],"12":[1,0],"13":[0,2],"14":[2,0,0,0,0,0,0],"15":[0,2],"16":[2,0],"17":[1,1],"18":[0,1],"19":[1,2,0,2],"20":[1,0],"21":[1,1],"22":[0,0],"23":[0,0],"24":[0,0],"25":[0,0],"26":[0,0],"27":[0,0],"28":[0,0]},"f":{"1":2,"2":2,"3":2,"4":2,"5":2,"6":2,"7":2,"8":2,"9":3,"10":1,"11":6,"12":0},"fnMap":{"1":{"name":"(anonymous_1)","line":26,"loc":{"start":{"line":26,"column":1},"end":{"line":26,"column":13}}},"2":{"name":"(anonymous_2)","line":33,"loc":{"start":{"line":33,"column":5},"end":{"line":33,"column":17}}},"3":{"name":"(anonymous_3)","line":37,"loc":{"start":{"line":37,"column":24},"end":{"line":37,"column":36}}},"4":{"name":"(anonymous_4)","line":69,"loc":{"start":{"line":69,"column":31},"end":{"line":69,"column":48}},"skip":true},"5":{"name":"(anonymous_5)","line":78,"loc":{"start":{"line":78,"column":26},"end":{"line":78,"column":45}},"skip":true},"6":{"name":"(anonymous_6)","line":123,"loc":{"start":{"line":123,"column":33},"end":{"line":123,"column":48}},"skip":true},"7":{"name":"(anonymous_7)","line":125,"loc":{"start":{"line":125,"column":27},"end":{"line":125,"column":39}},"skip":true},"8":{"name":"(anonymous_8)","line":133,"loc":{"start":{"line":133,"column":59},"end":{"line":133,"column":74}},"skip":true},"9":{"name":"(anonymous_9)","line":143,"loc":{"start":{"line":143,"column":45},"end":{"line":143,"column":62}},"skip":true},"10":{"name":"(anonymous_10)","line":144,"loc":{"start":{"line":144,"column":73},"end":{"line":144,"column":92}},"skip":true},"11":{"name":"(anonymous_11)","line":272,"loc":{"start":{"line":272,"column":51},"end":{"line":272,"column":77}},"skip":true},"12":{"name":"(anonymous_12)","line":314,"loc":{"start":{"line":314,"column":32},"end":{"line":314,"column":61}},"skip":true}},"statementMap":{"1":{"start":{"line":26,"column":0},"end":{"line":325,"column":5}},"2":{"start":{"line":28,"column":4},"end":{"line":28,"column":14}},"3":{"start":{"line":33,"column":4},"end":{"line":60,"column":9}},"4":{"start":{"line":35,"column":8},"end":{"line":35,"column":19}},"5":{"start":{"line":37,"column":8},"end":{"line":49,"column":13}},"6":{"start":{"line":38,"column":12},"end":{"line":48,"column":13}},"7":{"start":{"line":39,"column":16},"end":{"line":42,"column":30}},"8":{"start":{"line":44,"column":16},"end":{"line":47,"column":27}},"9":{"start":{"line":51,"column":8},"end":{"line":53,"column":21}},"10":{"start":{"line":55,"column":8},"end":{"line":57,"column":45}},"11":{"start":{"line":59,"column":8},"end":{"line":59,"column":35}},"12":{"start":{"line":61,"column":4},"end":{"line":324,"column":5}},"13":{"start":{"line":69,"column":8},"end":{"line":121,"column":10},"skip":true},"14":{"start":{"line":70,"column":12},"end":{"line":88,"column":13},"skip":true},"15":{"start":{"line":76,"column":16},"end":{"line":87,"column":19},"skip":true},"16":{"start":{"line":79,"column":20},"end":{"line":86,"column":21},"skip":true},"17":{"start":{"line":82,"column":24},"end":{"line":82,"column":43},"skip":true},"18":{"start":{"line":83,"column":24},"end":{"line":83,"column":30},"skip":true},"19":{"start":{"line":85,"column":24},"end":{"line":85,"column":49},"skip":true},"20":{"start":{"line":89,"column":12},"end":{"line":107,"column":13},"skip":true},"21":{"start":{"line":92,"column":16},"end":{"line":102,"column":17},"skip":true},"22":{"start":{"line":93,"column":20},"end":{"line":93,"column":86},"skip":true},"23":{"start":{"line":94,"column":20},"end":{"line":95,"column":45},"skip":true},"24":{"start":{"line":96,"column":20},"end":{"line":96,"column":42},"skip":true},"25":{"start":{"line":97,"column":20},"end":{"line":97,"column":48},"skip":true},"26":{"start":{"line":100,"column":20},"end":{"line":100,"column":85},"skip":true},"27":{"start":{"line":101,"column":20},"end":{"line":101,"column":96},"skip":true},"28":{"start":{"line":103,"column":16},"end":{"line":103,"column":22},"skip":true},"29":{"start":{"line":106,"column":16},"end":{"line":106,"column":22},"skip":true},"30":{"start":{"line":108,"column":12},"end":{"line":120,"column":13},"skip":true},"31":{"start":{"line":114,"column":16},"end":{"line":119,"column":17},"skip":true},"32":{"start":{"line":116,"column":20},"end":{"line":116,"column":78},"skip":true},"33":{"start":{"line":118,"column":20},"end":{"line":118,"column":47},"skip":true},"34":{"start":{"line":123,"column":8},"end":{"line":141,"column":11},"skip":true},"35":{"start":{"line":124,"column":12},"end":{"line":124,"column":54},"skip":true},"36":{"start":{"line":125,"column":12},"end":{"line":140,"column":14},"skip":true},"37":{"start":{"line":126,"column":16},"end":{"line":126,"column":28},"skip":true},"38":{"start":{"line":127,"column":16},"end":{"line":127,"column":69},"skip":true},"39":{"start":{"line":128,"column":16},"end":{"line":128,"column":75},"skip":true},"40":{"start":{"line":129,"column":16},"end":{"line":131,"column":17},"skip":true},"41":{"start":{"line":130,"column":20},"end":{"line":130,"column":27},"skip":true},"42":{"start":{"line":133,"column":16},"end":{"line":137,"column":36},"skip":true},"43":{"start":{"line":134,"column":20},"end":{"line":136,"column":55},"skip":true},"44":{"start":{"line":139,"column":16},"end":{"line":139,"column":57},"skip":true},"45":{"start":{"line":143,"column":8},"end":{"line":147,"column":11},"skip":true},"46":{"start":{"line":144,"column":12},"end":{"line":146,"column":15},"skip":true},"47":{"start":{"line":145,"column":16},"end":{"line":145,"column":70},"skip":true},"48":{"start":{"line":149,"column":8},"end":{"line":149,"column":31},"skip":true},"49":{"start":{"line":150,"column":8},"end":{"line":150,"column":14},"skip":true},"50":{"start":{"line":158,"column":8},"end":{"line":158,"column":31},"skip":true},"51":{"start":{"line":160,"column":8},"end":{"line":160,"column":33},"skip":true},"52":{"start":{"line":161,"column":8},"end":{"line":161,"column":37},"skip":true},"53":{"start":{"line":162,"column":8},"end":{"line":162,"column":35},"skip":true},"54":{"start":{"line":164,"column":8},"end":{"line":164,"column":50},"skip":true},"55":{"start":{"line":166,"column":8},"end":{"line":256,"column":2},"skip":true},"56":{"start":{"line":258,"column":8},"end":{"line":286,"column":9},"skip":true},"57":{"start":{"line":259,"column":12},"end":{"line":269,"column":14},"skip":true},"58":{"start":{"line":271,"column":12},"end":{"line":285,"column":19},"skip":true},"59":{"start":{"line":274,"column":20},"end":{"line":274,"column":35},"skip":true},"60":{"start":{"line":275,"column":20},"end":{"line":284,"column":21},"skip":true},"61":{"start":{"line":277,"column":24},"end":{"line":277,"column":64},"skip":true},"62":{"start":{"line":279,"column":24},"end":{"line":279,"column":40},"skip":true},"63":{"start":{"line":281,"column":24},"end":{"line":281,"column":40},"skip":true},"64":{"start":{"line":283,"column":24},"end":{"line":283,"column":39},"skip":true},"65":{"start":{"line":288,"column":8},"end":{"line":290,"column":9},"skip":true},"66":{"start":{"line":289,"column":12},"end":{"line":289,"column":18},"skip":true},"67":{"start":{"line":291,"column":8},"end":{"line":293,"column":54},"skip":true},"68":{"start":{"line":294,"column":8},"end":{"line":301,"column":37},"skip":true},"69":{"start":{"line":302,"column":8},"end":{"line":302,"column":82},"skip":true},"70":{"start":{"line":305,"column":8},"end":{"line":307,"column":9},"skip":true},"71":{"start":{"line":306,"column":12},"end":{"line":306,"column":82},"skip":true},"72":{"start":{"line":309,"column":8},"end":{"line":311,"column":9},"skip":true},"73":{"start":{"line":310,"column":12},"end":{"line":310,"column":18},"skip":true},"74":{"start":{"line":312,"column":8},"end":{"line":312,"column":54},"skip":true},"75":{"start":{"line":313,"column":8},"end":{"line":313,"column":69},"skip":true},"76":{"start":{"line":314,"column":8},"end":{"line":322,"column":36},"skip":true},"77":{"start":{"line":315,"column":12},"end":{"line":315,"column":61},"skip":true},"78":{"start":{"line":316,"column":12},"end":{"line":319,"column":13},"skip":true},"79":{"start":{"line":317,"column":16},"end":{"line":317,"column":75},"skip":true},"80":{"start":{"line":318,"column":16},"end":{"line":318,"column":23},"skip":true},"81":{"start":{"line":320,"column":12},"end":{"line":320,"column":38},"skip":true},"82":{"start":{"line":321,"column":12},"end":{"line":321,"column":27},"skip":true},"83":{"start":{"line":323,"column":8},"end":{"line":323,"column":14},"skip":true}},"branchMap":{"1":{"line":39,"type":"binary-expr","locations":[{"start":{"line":39,"column":23},"end":{"line":39,"column":62}},{"start":{"line":40,"column":20},"end":{"line":40,"column":70}},{"start":{"line":41,"column":20},"end":{"line":41,"column":71}},{"start":{"line":42,"column":20},"end":{"line":42,"column":29}}]},"2":{"line":44,"type":"binary-expr","locations":[{"start":{"line":44,"column":23},"end":{"line":44,"column":37}},{"start":{"line":45,"column":20},"end":{"line":45,"column":61}},{"start":{"line":46,"column":20},"end":{"line":46,"column":70}},{"start":{"line":47,"column":20},"end":{"line":47,"column":26}}]},"3":{"line":51,"type":"cond-expr","locations":[{"start":{"line":52,"column":14},"end":{"line":52,"column":20}},{"start":{"line":53,"column":14},"end":{"line":53,"column":20}}]},"4":{"line":55,"type":"binary-expr","locations":[{"start":{"line":55,"column":16},"end":{"line":55,"column":44}},{"start":{"line":55,"column":49},"end":{"line":57,"column":43}}]},"5":{"line":55,"type":"cond-expr","locations":[{"start":{"line":56,"column":14},"end":{"line":56,"column":56}},{"start":{"line":57,"column":14},"end":{"line":57,"column":43}}]},"6":{"line":61,"type":"switch","locations":[{"start":{"line":68,"column":4},"end":{"line":150,"column":14},"skip":true},{"start":{"line":156,"column":4},"end":{"line":323,"column":14},"skip":true}]},"7":{"line":70,"type":"if","locations":[{"start":{"line":70,"column":12},"end":{"line":70,"column":12},"skip":true},{"start":{"line":70,"column":12},"end":{"line":70,"column":12},"skip":true}]},"8":{"line":70,"type":"binary-expr","locations":[{"start":{"line":70,"column":16},"end":{"line":70,"column":22},"skip":true},{"start":{"line":70,"column":27},"end":{"line":70,"column":32},"skip":true},{"start":{"line":71,"column":20},"end":{"line":71,"column":39},"skip":true},{"start":{"line":72,"column":20},"end":{"line":72,"column":49},"skip":true},{"start":{"line":73,"column":20},"end":{"line":73,"column":58},"skip":true},{"start":{"line":74,"column":20},"end":{"line":74,"column":69},"skip":true}]},"9":{"line":79,"type":"switch","locations":[{"start":{"line":80,"column":20},"end":{"line":80,"column":33},"skip":true},{"start":{"line":81,"column":20},"end":{"line":83,"column":30},"skip":true},{"start":{"line":84,"column":20},"end":{"line":85,"column":49},"skip":true}]},"10":{"line":89,"type":"switch","locations":[{"start":{"line":90,"column":12},"end":{"line":103,"column":22},"skip":true},{"start":{"line":105,"column":12},"end":{"line":106,"column":22},"skip":true}]},"11":{"line":89,"type":"binary-expr","locations":[{"start":{"line":89,"column":20},"end":{"line":89,"column":25},"skip":true},{"start":{"line":89,"column":29},"end":{"line":89,"column":48},"skip":true},{"start":{"line":89,"column":52},"end":{"line":89,"column":74},"skip":true}]},"12":{"line":92,"type":"if","locations":[{"start":{"line":92,"column":16},"end":{"line":92,"column":16},"skip":true},{"start":{"line":92,"column":16},"end":{"line":92,"column":16},"skip":true}]},"13":{"line":108,"type":"if","locations":[{"start":{"line":108,"column":12},"end":{"line":108,"column":12},"skip":true},{"start":{"line":108,"column":12},"end":{"line":108,"column":12},"skip":true}]},"14":{"line":108,"type":"binary-expr","locations":[{"start":{"line":108,"column":16},"end":{"line":108,"column":61},"skip":true},{"start":{"line":108,"column":66},"end":{"line":108,"column":72},"skip":true},{"start":{"line":108,"column":77},"end":{"line":108,"column":82},"skip":true},{"start":{"line":109,"column":20},"end":{"line":109,"column":39},"skip":true},{"start":{"line":110,"column":20},"end":{"line":110,"column":49},"skip":true},{"start":{"line":111,"column":20},"end":{"line":111,"column":58},"skip":true},{"start":{"line":112,"column":20},"end":{"line":112,"column":68},"skip":true}]},"15":{"line":129,"type":"if","locations":[{"start":{"line":129,"column":16},"end":{"line":129,"column":16},"skip":true},{"start":{"line":129,"column":16},"end":{"line":129,"column":16},"skip":true}]},"16":{"line":134,"type":"cond-expr","locations":[{"start":{"line":135,"column":26},"end":{"line":135,"column":29},"skip":true},{"start":{"line":136,"column":26},"end":{"line":136,"column":54},"skip":true}]},"17":{"line":164,"type":"binary-expr","locations":[{"start":{"line":164,"column":27},"end":{"line":164,"column":43},"skip":true},{"start":{"line":164,"column":47},"end":{"line":164,"column":49},"skip":true}]},"18":{"line":258,"type":"if","locations":[{"start":{"line":258,"column":8},"end":{"line":258,"column":8},"skip":true},{"start":{"line":258,"column":8},"end":{"line":258,"column":8},"skip":true}]},"19":{"line":275,"type":"switch","locations":[{"start":{"line":276,"column":20},"end":{"line":277,"column":64},"skip":true},{"start":{"line":278,"column":20},"end":{"line":279,"column":40},"skip":true},{"start":{"line":280,"column":20},"end":{"line":281,"column":40},"skip":true},{"start":{"line":282,"column":20},"end":{"line":283,"column":39},"skip":true}]},"20":{"line":288,"type":"if","locations":[{"start":{"line":288,"column":8},"end":{"line":288,"column":8},"skip":true},{"start":{"line":288,"column":8},"end":{"line":288,"column":8},"skip":true}]},"21":{"line":288,"type":"binary-expr","locations":[{"start":{"line":288,"column":12},"end":{"line":288,"column":40},"skip":true},{"start":{"line":288,"column":44},"end":{"line":288,"column":67},"skip":true}]},"22":{"line":292,"type":"binary-expr","locations":[{"start":{"line":292,"column":12},"end":{"line":292,"column":50},"skip":true},{"start":{"line":293,"column":12},"end":{"line":293,"column":53},"skip":true}]},"23":{"line":295,"type":"binary-expr","locations":[{"start":{"line":295,"column":12},"end":{"line":295,"column":70},"skip":true},{"start":{"line":296,"column":12},"end":{"line":301,"column":36},"skip":true}]},"24":{"line":302,"type":"binary-expr","locations":[{"start":{"line":302,"column":43},"end":{"line":302,"column":75},"skip":true},{"start":{"line":302,"column":79},"end":{"line":302,"column":81},"skip":true}]},"25":{"line":305,"type":"if","locations":[{"start":{"line":305,"column":8},"end":{"line":305,"column":8},"skip":true},{"start":{"line":305,"column":8},"end":{"line":305,"column":8},"skip":true}]},"26":{"line":309,"type":"if","locations":[{"start":{"line":309,"column":8},"end":{"line":309,"column":8},"skip":true},{"start":{"line":309,"column":8},"end":{"line":309,"column":8},"skip":true}]},"27":{"line":312,"type":"binary-expr","locations":[{"start":{"line":312,"column":27},"end":{"line":312,"column":43},"skip":true},{"start":{"line":312,"column":47},"end":{"line":312,"column":53},"skip":true}]},"28":{"line":316,"type":"if","locations":[{"start":{"line":316,"column":12},"end":{"line":316,"column":12},"skip":true},{"start":{"line":316,"column":12},"end":{"line":316,"column":12},"skip":true}]}},"code":["/*","example.js","","quickstart example","","instruction","    1. save this script as example.js","    2. run the shell command:","        $ npm install npmtest-moment-range && PORT=8081 node example.js","    3. play with the browser-demo on http://127.0.0.1:8081","*/","","","","/* istanbul instrument in package npmtest_moment_range */","/*jslint","    bitwise: true,","    browser: true,","    maxerr: 8,","    maxlen: 96,","    node: true,","    nomen: true,","    regexp: true,","    stupid: true","*/","(function () {","    'use strict';","    var local;","","","","    // run shared js-env code - pre-init","    (function () {","        // init local","        local = {};","        // init modeJs","        local.modeJs = (function () {","            try {","                return typeof navigator.userAgent === 'string' &&","                    typeof document.querySelector('body') === 'object' &&","                    typeof XMLHttpRequest.prototype.open === 'function' &&","                    'browser';","            } catch (errorCaughtBrowser) {","                return module.exports &&","                    typeof process.versions.node === 'string' &&","                    typeof require('http').createServer === 'function' &&","                    'node';","            }","        }());","        // init global","        local.global = local.modeJs === 'browser'","            ? window","            : global;","        // init utility2_rollup","        local = local.global.utility2_rollup || (local.modeJs === 'browser'","            ? local.global.utility2_npmtest_moment_range","            : global.utility2_moduleExports);","        // export local","        local.global.local = local;","    }());","    switch (local.modeJs) {","","","","    // post-init","    // run browser js-env code - post-init","    /* istanbul ignore next */","    case 'browser':","        local.testRunBrowser = function (event) {","            if (!event || (event &&","                    event.currentTarget &&","                    event.currentTarget.className &&","                    event.currentTarget.className.includes &&","                    event.currentTarget.className.includes('onreset'))) {","                // reset output","                Array.from(","                    document.querySelectorAll('body > .resettable')","                ).forEach(function (element) {","                    switch (element.tagName) {","                    case 'INPUT':","                    case 'TEXTAREA':","                        element.value = '';","                        break;","                    default:","                        element.textContent = '';","                    }","                });","            }","            switch (event && event.currentTarget && event.currentTarget.id) {","            case 'testRunButton1':","                // show tests","                if (document.querySelector('#testReportDiv1').style.display === 'none') {","                    document.querySelector('#testReportDiv1').style.display = 'block';","                    document.querySelector('#testRunButton1').textContent =","                        'hide internal test';","                    local.modeTest = true;","                    local.testRunDefault(local);","                // hide tests","                } else {","                    document.querySelector('#testReportDiv1').style.display = 'none';","                    document.querySelector('#testRunButton1').textContent = 'run internal test';","                }","                break;","            // custom-case","            default:","                break;","            }","            if (document.querySelector('#inputTextareaEval1') && (!event || (event &&","                    event.currentTarget &&","                    event.currentTarget.className &&","                    event.currentTarget.className.includes &&","                    event.currentTarget.className.includes('oneval')))) {","                // try to eval input-code","                try {","                    /*jslint evil: true*/","                    eval(document.querySelector('#inputTextareaEval1').value);","                } catch (errorCaught) {","                    console.error(errorCaught);","                }","            }","        };","        // log stderr and stdout to #outputTextareaStdout1","        ['error', 'log'].forEach(function (key) {","            console[key + '_original'] = console[key];","            console[key] = function () {","                var element;","                console[key + '_original'].apply(console, arguments);","                element = document.querySelector('#outputTextareaStdout1');","                if (!element) {","                    return;","                }","                // append text to #outputTextareaStdout1","                element.value += Array.from(arguments).map(function (arg) {","                    return typeof arg === 'string'","                        ? arg","                        : JSON.stringify(arg, null, 4);","                }).join(' ') + '\\n';","                // scroll textarea to bottom","                element.scrollTop = element.scrollHeight;","            };","        });","        // init event-handling","        ['change', 'click', 'keyup'].forEach(function (event) {","            Array.from(document.querySelectorAll('.on' + event)).forEach(function (element) {","                element.addEventListener(event, local.testRunBrowser);","            });","        });","        // run tests","        local.testRunBrowser();","        break;","","","","    // run node js-env code - post-init","    /* istanbul ignore next */","    case 'node':","        // export local","        module.exports = local;","        // require modules","        local.fs = require('fs');","        local.http = require('http');","        local.url = require('url');","        // init assets","        local.assetsDict = local.assetsDict || {};","        /* jslint-ignore-begin */","        local.assetsDict['/assets.index.template.html'] = '\\","<!doctype html>\\n\\","<html lang=\"en\">\\n\\","<head>\\n\\","<meta charset=\"UTF-8\">\\n\\","<meta name=\"viewport\" content=\"width=device-width, initial-scale=1\">\\n\\","<title>{{env.npm_package_name}} (v{{env.npm_package_version}})</title>\\n\\","<style>\\n\\","/*csslint\\n\\","    box-sizing: false,\\n\\","    universal-selector: false\\n\\","*/\\n\\","* {\\n\\","    box-sizing: border-box;\\n\\","}\\n\\","body {\\n\\","    background: #dde;\\n\\","    font-family: Arial, Helvetica, sans-serif;\\n\\","    margin: 2rem;\\n\\","}\\n\\","body > * {\\n\\","    margin-bottom: 1rem;\\n\\","}\\n\\",".utility2FooterDiv {\\n\\","    margin-top: 20px;\\n\\","    text-align: center;\\n\\","}\\n\\","</style>\\n\\","<style>\\n\\","/*csslint\\n\\","*/\\n\\","textarea {\\n\\","    font-family: monospace;\\n\\","    height: 10rem;\\n\\","    width: 100%;\\n\\","}\\n\\","textarea[readonly] {\\n\\","    background: #ddd;\\n\\","}\\n\\","</style>\\n\\","</head>\\n\\","<body>\\n\\","<!-- utility2-comment\\n\\","<div id=\"ajaxProgressDiv1\" style=\"background: #d00; height: 2px; left: 0; margin: 0; padding: 0; position: fixed; top: 0; transition: background 0.5s, width 1.5s; width: 25%;\"></div>\\n\\","utility2-comment -->\\n\\","<h1>\\n\\","<!-- utility2-comment\\n\\","    <a\\n\\","        {{#if env.npm_package_homepage}}\\n\\","        href=\"{{env.npm_package_homepage}}\"\\n\\","        {{/if env.npm_package_homepage}}\\n\\","        target=\"_blank\"\\n\\","    >\\n\\","utility2-comment -->\\n\\","        {{env.npm_package_name}} (v{{env.npm_package_version}})\\n\\","<!-- utility2-comment\\n\\","    </a>\\n\\","utility2-comment -->\\n\\","</h1>\\n\\","<h3>{{env.npm_package_description}}</h3>\\n\\","<!-- utility2-comment\\n\\","<h4><a download href=\"assets.app.js\">download standalone app</a></h4>\\n\\","<button class=\"onclick onreset\" id=\"testRunButton1\">run internal test</button><br>\\n\\","<div id=\"testReportDiv1\" style=\"display: none;\"></div>\\n\\","utility2-comment -->\\n\\","\\n\\","\\n\\","\\n\\","<label>stderr and stdout</label>\\n\\","<textarea class=\"resettable\" id=\"outputTextareaStdout1\" readonly></textarea>\\n\\","<!-- utility2-comment\\n\\","{{#if isRollup}}\\n\\","<script src=\"assets.app.js\"></script>\\n\\","{{#unless isRollup}}\\n\\","utility2-comment -->\\n\\","<script src=\"assets.utility2.rollup.js\"></script>\\n\\","<script src=\"jsonp.utility2._stateInit?callback=window.utility2._stateInit\"></script>\\n\\","<script src=\"assets.npmtest_moment_range.rollup.js\"></script>\\n\\","<script src=\"assets.example.js\"></script>\\n\\","<script src=\"assets.test.js\"></script>\\n\\","<!-- utility2-comment\\n\\","{{/if isRollup}}\\n\\","utility2-comment -->\\n\\","<div class=\"utility2FooterDiv\">\\n\\","    [ this app was created with\\n\\","    <a href=\"https://github.com/kaizhu256/node-utility2\" target=\"_blank\">utility2</a>\\n\\","    ]\\n\\","</div>\\n\\","</body>\\n\\","</html>\\n\\","';","        /* jslint-ignore-end */","        if (local.templateRender) {","            local.assetsDict['/'] = local.templateRender(","                local.assetsDict['/assets.index.template.html'],","                {","                    env: local.objectSetDefault(local.env, {","                        npm_package_description: 'the greatest app in the world!',","                        npm_package_name: 'my-app',","                        npm_package_nameAlias: 'my_app',","                        npm_package_version: '0.0.1'","                    })","                }","            );","        } else {","            local.assetsDict['/'] = local.assetsDict['/assets.index.template.html']","                .replace((/\\{\\{env\\.(\\w+?)\\}\\}/g), function (match0, match1) {","                    // jslint-hack","                    String(match0);","                    switch (match1) {","                    case 'npm_package_description':","                        return 'the greatest app in the world!';","                    case 'npm_package_name':","                        return 'my-app';","                    case 'npm_package_nameAlias':","                        return 'my_app';","                    case 'npm_package_version':","                        return '0.0.1';","                    }","                });","        }","        // run the cli","        if (local.global.utility2_rollup || module !== require.main) {","            break;","        }","        local.assetsDict['/assets.example.js'] =","            local.assetsDict['/assets.example.js'] ||","            local.fs.readFileSync(__filename, 'utf8');","        local.assetsDict['/assets.npmtest_moment_range.rollup.js'] =","            local.assetsDict['/assets.npmtest_moment_range.rollup.js'] ||","            local.fs.readFileSync(","                // buildCustomOrg-hack","                local.npmtest_moment_range.__dirname +","                    '/lib.npmtest_moment_range.js',","                'utf8'","            ).replace((/^#!/), '//');","        local.assetsDict['/favicon.ico'] = local.assetsDict['/favicon.ico'] || '';","        // if $npm_config_timeout_exit exists,","        // then exit this process after $npm_config_timeout_exit ms","        if (Number(process.env.npm_config_timeout_exit)) {","            setTimeout(process.exit, Number(process.env.npm_config_timeout_exit));","        }","        // start server","        if (local.global.utility2_serverHttp1) {","            break;","        }","        process.env.PORT = process.env.PORT || '8081';","        console.error('server starting on port ' + process.env.PORT);","        local.http.createServer(function (request, response) {","            request.urlParsed = local.url.parse(request.url);","            if (local.assetsDict[request.urlParsed.pathname] !== undefined) {","                response.end(local.assetsDict[request.urlParsed.pathname]);","                return;","            }","            response.statusCode = 404;","            response.end();","        }).listen(process.env.PORT);","        break;","    }","}());",""],"l":{"26":2,"28":2,"33":2,"35":2,"37":2,"38":2,"39":2,"44":1,"51":2,"55":2,"59":2,"61":2,"69":1,"70":2,"76":2,"79":2,"82":2,"83":2,"85":1,"89":2,"92":1,"93":1,"94":1,"96":1,"97":1,"100":1,"101":1,"103":1,"106":1,"108":2,"114":1,"116":1,"118":1,"123":1,"124":2,"125":2,"126":2,"127":2,"128":2,"129":2,"130":1,"133":2,"134":2,"139":2,"143":1,"144":3,"145":1,"149":1,"150":1,"158":1,"160":1,"161":1,"162":1,"164":1,"166":1,"258":1,"259":1,"271":1,"274":6,"275":6,"277":1,"279":2,"281":1,"283":2,"288":1,"289":1,"291":1,"294":1,"302":1,"305":1,"306":1,"309":1,"310":1,"312":1,"313":1,"314":1,"315":1,"316":1,"317":1,"318":1,"320":1,"321":1,"323":1}},"/home/travis/build/npmtest/node-npmtest-moment-range/node_modules/moment-range/dist/moment-range.js":{"path":"/home/travis/build/npmtest/node-npmtest-moment-range/node_modules/moment-range/dist/moment-range.js","s":{"1":1,"2":1,"3":1,"4":0,"5":0,"6":0,"7":0,"8":0,"9":1,"10":1,"11":1,"12":4,"13":0,"14":4,"15":4,"16":4,"17":4,"18":1,"19":1,"20":1,"21":0,"22":1,"23":0,"24":0,"25":1,"26":0,"27":0,"28":0,"29":0,"30":0,"31":1,"32":0,"33":1,"34":1,"35":1,"36":1,"37":0,"38":0,"39":0,"40":0,"41":0,"42":0,"43":0,"44":0,"45":0,"46":0,"47":0,"48":0,"49":0,"50":0,"51":0,"52":0,"53":0,"54":0,"55":0,"56":0,"57":0,"58":0,"59":0,"60":0,"61":0,"62":0,"63":0,"64":0,"65":0,"66":0,"67":0,"68":0,"69":0,"70":0,"71":0,"72":0,"73":0,"74":0,"75":0,"76":0,"77":0,"78":0,"79":0,"80":0,"81":0,"82":0,"83":0,"84":0,"85":0,"86":0,"87":0,"88":0,"89":0,"90":0,"91":0,"92":0,"93":0,"94":0,"95":0,"96":0,"97":0,"98":0,"99":0,"100":0,"101":0,"102":0,"103":0,"104":0,"105":0,"106":0,"107":0,"108":0,"109":0,"110":0,"111":0,"112":0,"113":0,"114":0,"115":0,"116":0,"117":0,"118":0,"119":0,"120":0,"121":0,"122":0,"123":0,"124":0,"125":0,"126":0,"127":0,"128":0,"129":0,"130":0,"131":0,"132":0,"133":0,"134":0,"135":0,"136":0,"137":1,"138":1,"139":1,"140":1,"141":0,"142":1,"143":1,"144":1,"145":0,"146":1,"147":0,"148":1,"149":0,"150":1,"151":0,"152":1,"153":0,"154":0,"155":0,"156":0,"157":0,"158":0,"159":0,"160":0,"161":0,"162":0,"163":0,"164":0,"165":0,"166":0,"167":0,"168":0,"169":0,"170":0,"171":0,"172":0,"173":0,"174":0,"175":0,"176":0,"177":0,"178":0,"179":0,"180":0,"181":0,"182":0,"183":0,"184":0,"185":0,"186":0,"187":0,"188":0,"189":0,"190":0,"191":0,"192":0,"193":0,"194":0,"195":0,"196":0,"197":0,"198":0,"199":0,"200":0,"201":0,"202":0,"203":0,"204":0,"205":0,"206":0,"207":0,"208":0,"209":0,"210":0,"211":0,"212":0,"213":0,"214":0,"215":0,"216":0,"217":0,"218":0,"219":0,"220":0,"221":0,"222":0,"223":0,"224":0,"225":1,"226":1,"227":1,"228":1,"229":0,"230":0,"231":0,"232":0,"233":0,"234":0,"235":0,"236":0,"237":0,"238":0,"239":0,"240":0,"241":0,"242":0,"243":0,"244":0,"245":0,"246":1,"247":0,"248":0,"249":0,"250":0,"251":0,"252":1,"253":0,"254":0,"255":1,"256":1,"257":1,"258":19,"259":19,"260":19,"261":19,"262":19,"263":19,"264":1,"265":1,"266":1,"267":1,"268":0,"269":1,"270":1,"271":1,"272":1,"273":1,"274":1,"275":1,"276":2,"277":1,"278":0,"279":0,"280":0,"281":0,"282":1,"283":0,"284":0,"285":1,"286":1,"287":1,"288":0,"289":0,"290":0,"291":0,"292":0,"293":0,"294":0,"295":0,"296":0,"297":0,"298":0,"299":0,"300":0,"301":0,"302":0,"303":1,"304":0,"305":0,"306":0,"307":0,"308":0,"309":0,"310":0,"311":0,"312":0,"313":0,"314":0,"315":0,"316":0,"317":0,"318":0,"319":0,"320":0,"321":0,"322":0,"323":0,"324":0,"325":0,"326":0,"327":0,"328":0,"329":0,"330":0,"331":0,"332":0,"333":0,"334":0,"335":0,"336":0,"337":0,"338":0,"339":0,"340":0,"341":0,"342":0,"343":0,"344":0,"345":0,"346":0,"347":0,"348":0,"349":0,"350":0,"351":0,"352":0,"353":0,"354":0,"355":0,"356":0,"357":0,"358":0,"359":0,"360":0,"361":0,"362":0,"363":0,"364":0,"365":0,"366":0,"367":0,"368":0,"369":0,"370":0,"371":0,"372":0,"373":0,"374":0,"375":0,"376":0,"377":0,"378":0,"379":0,"380":0,"381":0,"382":0,"383":0,"384":0,"385":0,"386":0,"387":0,"388":0,"389":0,"390":0,"391":0,"392":0,"393":0,"394":0,"395":0,"396":0,"397":0,"398":0,"399":0,"400":0,"401":0,"402":0,"403":0,"404":0,"405":0,"406":0,"407":0,"408":0,"409":0,"410":0,"411":0,"412":0,"413":0,"414":0,"415":0,"416":0,"417":0,"418":0,"419":0,"420":1,"421":1,"422":0,"423":0,"424":0,"425":0,"426":0,"427":0,"428":0,"429":0,"430":0,"431":0},"b":{"1":[1,0],"2":[1,1],"3":[0,0],"4":[0,0],"5":[0,0],"6":[0,4],"7":[0,0],"8":[0,0],"9":[0,0],"10":[1,0],"11":[0,0],"12":[0,0],"13":[0,0],"14":[0,0],"15":[0,0],"16":[0,0],"17":[0,0],"18":[0,0],"19":[0,0],"20":[0,0],"21":[0,0],"22":[0,0],"23":[0,0],"24":[0,0],"25":[0,0],"26":[0,0],"27":[0,0],"28":[0,0],"29":[0,0],"30":[0,0],"31":[0,0],"32":[0,0],"33":[0,1],"34":[0,1],"35":[0,1],"36":[0,1],"37":[0,0],"38":[0,0],"39":[0,0],"40":[0,0],"41":[0,0],"42":[0,0],"43":[0,0],"44":[0,0],"45":[0,0],"46":[0,0],"47":[0,0],"48":[0,0],"49":[0,0],"50":[0,0],"51":[0,0,0],"52":[0,0,0],"53":[0,0,0],"54":[0,0,0],"55":[0,0,0],"56":[0,0,0],"57":[0,0,0],"58":[0,0,0],"59":[0,0,0],"60":[0,0,0],"61":[0,0,0],"62":[0,0],"63":[0,0],"64":[0,0],"65":[0,0],"66":[0,0],"67":[0,0],"68":[0,0],"69":[0,0],"70":[0,0],"71":[1,0],"72":[1,1],"73":[0,0],"74":[0,0,0,0],"75":[19,19],"76":[19,0],"77":[1,0],"78":[0,1],"79":[0,2],"80":[2,2],"81":[0,0],"82":[0,0],"83":[0,0],"84":[0,0],"85":[0,0],"86":[0,0],"87":[0,0],"88":[0,0],"89":[0,0],"90":[0,0],"91":[0,0,0,0],"92":[0,0],"93":[0,0],"94":[0,0],"95":[0,0],"96":[0,0],"97":[0,0],"98":[0,0],"99":[0,0],"100":[0,0],"101":[0,0],"102":[0,0],"103":[0,0],"104":[0,0],"105":[0,0],"106":[0,0],"107":[0,0],"108":[0,0],"109":[0,0],"110":[0,0,0],"111":[0,0,0],"112":[0,0],"113":[0,0],"114":[0,0,0],"115":[0,0],"116":[0,0,0],"117":[0,0],"118":[0,0,0],"119":[0,0],"120":[0,0,0],"121":[0,0],"122":[0,0],"123":[0,0],"124":[0,0],"125":[0,0],"126":[0,0],"127":[0,0],"128":[0,0],"129":[0,0],"130":[0,0],"131":[0,0],"132":[0,0],"133":[0,0],"134":[0,0],"135":[0,0],"136":[0,0],"137":[0,0],"138":[0,0],"139":[0,0],"140":[0,0],"141":[0,0],"142":[0,0,0],"143":[0,0],"144":[0,0,0],"145":[0,0],"146":[0,0,0],"147":[0,0],"148":[0,0,0],"149":[0,0],"150":[0,0,0],"151":[0,0]},"f":{"1":1,"2":1,"3":1,"4":4,"5":0,"6":0,"7":0,"8":0,"9":0,"10":0,"11":1,"12":1,"13":0,"14":0,"15":0,"16":0,"17":0,"18":0,"19":0,"20":0,"21":0,"22":0,"23":0,"24":0,"25":0,"26":0,"27":0,"28":0,"29":0,"30":0,"31":0,"32":0,"33":0,"34":0,"35":0,"36":0,"37":0,"38":0,"39":0,"40":1,"41":1,"42":0,"43":0,"44":0,"45":0,"46":0,"47":0,"48":0,"49":0,"50":0,"51":0,"52":0,"53":0,"54":0,"55":0,"56":0,"57":0,"58":1,"59":1,"60":0,"61":0,"62":0,"63":0,"64":1,"65":1,"66":1,"67":2,"68":0,"69":0,"70":1,"71":0,"72":0,"73":0,"74":0,"75":0,"76":0,"77":0,"78":0,"79":0,"80":0,"81":0,"82":0,"83":0,"84":0,"85":0,"86":0,"87":0,"88":0,"89":0,"90":0,"91":0,"92":0,"93":0,"94":0,"95":0,"96":0,"97":0,"98":0,"99":0,"100":0,"101":0},"fnMap":{"1":{"name":"webpackUniversalModuleDefinition","line":1,"loc":{"start":{"line":1,"column":1},"end":{"line":1,"column":58}}},"2":{"name":"(anonymous_2)","line":10,"loc":{"start":{"line":10,"column":9},"end":{"line":10,"column":49}}},"3":{"name":"(anonymous_3)","line":11,"loc":{"start":{"line":11,"column":17},"end":{"line":11,"column":35}}},"4":{"name":"__webpack_require__","line":16,"loc":{"start":{"line":16,"column":10},"end":{"line":16,"column":49}}},"5":{"name":"(anonymous_5)","line":47,"loc":{"start":{"line":47,"column":34},"end":{"line":47,"column":50}}},"6":{"name":"(anonymous_6)","line":50,"loc":{"start":{"line":50,"column":34},"end":{"line":50,"column":66}}},"7":{"name":"(anonymous_7)","line":61,"loc":{"start":{"line":61,"column":34},"end":{"line":61,"column":51}}},"8":{"name":"getDefault","line":63,"loc":{"start":{"line":63,"column":12},"end":{"line":63,"column":34}}},"9":{"name":"getModuleExports","line":64,"loc":{"start":{"line":64,"column":12},"end":{"line":64,"column":40}}},"10":{"name":"(anonymous_10)","line":70,"loc":{"start":{"line":70,"column":34},"end":{"line":70,"column":61}}},"11":{"name":"(anonymous_11)","line":81,"loc":{"start":{"line":81,"column":7},"end":{"line":81,"column":54}}},"12":{"name":"(anonymous_12)","line":91,"loc":{"start":{"line":91,"column":7},"end":{"line":91,"column":33}}},"13":{"name":"(anonymous_13)","line":97,"loc":{"start":{"line":97,"column":7},"end":{"line":97,"column":54}}},"14":{"name":"(anonymous_14)","line":109,"loc":{"start":{"line":109,"column":21},"end":{"line":109,"column":57}}},"15":{"name":"(anonymous_15)","line":131,"loc":{"start":{"line":131,"column":7},"end":{"line":131,"column":46}}},"16":{"name":"(anonymous_16)","line":167,"loc":{"start":{"line":167,"column":7},"end":{"line":167,"column":54}}},"17":{"name":"(anonymous_17)","line":179,"loc":{"start":{"line":179,"column":7},"end":{"line":179,"column":54}}},"18":{"name":"(anonymous_18)","line":184,"loc":{"start":{"line":184,"column":17},"end":{"line":184,"column":29}}},"19":{"name":"(anonymous_19)","line":195,"loc":{"start":{"line":195,"column":7},"end":{"line":195,"column":54}}},"20":{"name":"(anonymous_20)","line":205,"loc":{"start":{"line":205,"column":17},"end":{"line":205,"column":49}}},"21":{"name":"(anonymous_21)","line":208,"loc":{"start":{"line":208,"column":10},"end":{"line":208,"column":25}}},"22":{"name":"(anonymous_22)","line":224,"loc":{"start":{"line":224,"column":7},"end":{"line":224,"column":54}}},"23":{"name":"(anonymous_23)","line":231,"loc":{"start":{"line":231,"column":17},"end":{"line":231,"column":32}}},"24":{"name":"(anonymous_24)","line":236,"loc":{"start":{"line":236,"column":7},"end":{"line":236,"column":54}}},"25":{"name":"(anonymous_25)","line":248,"loc":{"start":{"line":248,"column":7},"end":{"line":248,"column":54}}},"26":{"name":"(anonymous_26)","line":253,"loc":{"start":{"line":253,"column":17},"end":{"line":253,"column":29}}},"27":{"name":"(anonymous_27)","line":263,"loc":{"start":{"line":263,"column":7},"end":{"line":263,"column":54}}},"28":{"name":"(anonymous_28)","line":270,"loc":{"start":{"line":270,"column":17},"end":{"line":270,"column":35}}},"29":{"name":"(anonymous_29)","line":277,"loc":{"start":{"line":277,"column":7},"end":{"line":277,"column":54}}},"30":{"name":"(anonymous_30)","line":284,"loc":{"start":{"line":284,"column":14},"end":{"line":284,"column":34}}},"31":{"name":"(anonymous_31)","line":289,"loc":{"start":{"line":289,"column":17},"end":{"line":289,"column":50}}},"32":{"name":"(anonymous_32)","line":291,"loc":{"start":{"line":291,"column":25},"end":{"line":291,"column":44}}},"33":{"name":"(anonymous_33)","line":301,"loc":{"start":{"line":301,"column":7},"end":{"line":301,"column":54}}},"34":{"name":"(anonymous_34)","line":306,"loc":{"start":{"line":306,"column":17},"end":{"line":306,"column":34}}},"35":{"name":"(anonymous_35)","line":314,"loc":{"start":{"line":314,"column":7},"end":{"line":314,"column":54}}},"36":{"name":"(anonymous_36)","line":326,"loc":{"start":{"line":326,"column":7},"end":{"line":326,"column":54}}},"37":{"name":"(anonymous_37)","line":333,"loc":{"start":{"line":333,"column":17},"end":{"line":333,"column":29}}},"38":{"name":"(anonymous_38)","line":341,"loc":{"start":{"line":341,"column":7},"end":{"line":341,"column":54}}},"39":{"name":"(anonymous_39)","line":348,"loc":{"start":{"line":348,"column":17},"end":{"line":348,"column":55}}},"40":{"name":"(anonymous_40)","line":355,"loc":{"start":{"line":355,"column":7},"end":{"line":355,"column":54}}},"41":{"name":"(anonymous_41)","line":362,"loc":{"start":{"line":362,"column":17},"end":{"line":362,"column":29}}},"42":{"name":"(anonymous_42)","line":379,"loc":{"start":{"line":379,"column":7},"end":{"line":379,"column":54}}},"43":{"name":"(anonymous_43)","line":384,"loc":{"start":{"line":384,"column":17},"end":{"line":384,"column":30}}},"44":{"name":"(anonymous_44)","line":395,"loc":{"start":{"line":395,"column":7},"end":{"line":395,"column":54}}},"45":{"name":"(anonymous_45)","line":418,"loc":{"start":{"line":418,"column":20},"end":{"line":418,"column":32}}},"46":{"name":"(anonymous_46)","line":420,"loc":{"start":{"line":420,"column":8},"end":{"line":420,"column":24}}},"47":{"name":"(anonymous_47)","line":426,"loc":{"start":{"line":426,"column":48},"end":{"line":426,"column":65}}},"48":{"name":"Symbol","line":442,"loc":{"start":{"line":442,"column":15},"end":{"line":442,"column":44}}},"49":{"name":"Symbol","line":449,"loc":{"start":{"line":449,"column":34},"end":{"line":449,"column":63}}},"50":{"name":"(anonymous_50)","line":461,"loc":{"start":{"line":461,"column":8},"end":{"line":461,"column":23}}},"51":{"name":"(anonymous_51)","line":465,"loc":{"start":{"line":465,"column":11},"end":{"line":465,"column":24}}},"52":{"name":"(anonymous_52)","line":490,"loc":{"start":{"line":490,"column":17},"end":{"line":490,"column":29}}},"53":{"name":"(anonymous_53)","line":496,"loc":{"start":{"line":496,"column":13},"end":{"line":496,"column":25}}},"54":{"name":"(anonymous_54)","line":497,"loc":{"start":{"line":497,"column":12},"end":{"line":497,"column":24}}},"55":{"name":"(anonymous_55)","line":499,"loc":{"start":{"line":499,"column":75},"end":{"line":499,"column":87}}},"56":{"name":"(anonymous_56)","line":520,"loc":{"start":{"line":520,"column":7},"end":{"line":520,"column":54}}},"57":{"name":"(anonymous_57)","line":527,"loc":{"start":{"line":527,"column":17},"end":{"line":527,"column":34}}},"58":{"name":"(anonymous_58)","line":535,"loc":{"start":{"line":535,"column":7},"end":{"line":535,"column":54}}},"59":{"name":"(anonymous_59)","line":545,"loc":{"start":{"line":545,"column":21},"end":{"line":545,"column":33}}},"60":{"name":"sliceIterator","line":545,"loc":{"start":{"line":545,"column":35},"end":{"line":545,"column":66}}},"61":{"name":"(anonymous_61)","line":545,"loc":{"start":{"line":545,"column":436},"end":{"line":545,"column":454}}},"62":{"name":"(anonymous_62)","line":547,"loc":{"start":{"line":547,"column":84},"end":{"line":547,"column":99}}},"63":{"name":"(anonymous_63)","line":547,"loc":{"start":{"line":547,"column":124},"end":{"line":547,"column":139}}},"64":{"name":"(anonymous_64)","line":549,"loc":{"start":{"line":549,"column":19},"end":{"line":549,"column":31}}},"65":{"name":"defineProperties","line":549,"loc":{"start":{"line":549,"column":33},"end":{"line":549,"column":74}}},"66":{"name":"(anonymous_66)","line":549,"loc":{"start":{"line":549,"column":357},"end":{"line":549,"column":405}}},"67":{"name":"_interopRequireDefault","line":561,"loc":{"start":{"line":561,"column":0},"end":{"line":561,"column":37}}},"68":{"name":"_defineProperty","line":563,"loc":{"start":{"line":563,"column":0},"end":{"line":563,"column":42}}},"69":{"name":"_classCallCheck","line":565,"loc":{"start":{"line":565,"column":0},"end":{"line":565,"column":48}}},"70":{"name":"(anonymous_70)","line":586,"loc":{"start":{"line":586,"column":36},"end":{"line":586,"column":48}}},"71":{"name":"DateRange","line":587,"loc":{"start":{"line":587,"column":2},"end":{"line":587,"column":33}}},"72":{"name":"adjacent","line":615,"loc":{"start":{"line":615,"column":11},"end":{"line":615,"column":36}}},"73":{"name":"add","line":623,"loc":{"start":{"line":623,"column":11},"end":{"line":623,"column":31}}},"74":{"name":"by","line":632,"loc":{"start":{"line":632,"column":11},"end":{"line":632,"column":33}}},"75":{"name":"(anonymous_75)","line":637,"loc":{"start":{"line":637,"column":63},"end":{"line":637,"column":75}}},"76":{"name":"next","line":644,"loc":{"start":{"line":644,"column":16},"end":{"line":644,"column":32}}},"77":{"name":"byRange","line":660,"loc":{"start":{"line":660,"column":11},"end":{"line":660,"column":38}}},"78":{"name":"(anonymous_78)","line":670,"loc":{"start":{"line":670,"column":63},"end":{"line":670,"column":75}}},"79":{"name":"next","line":676,"loc":{"start":{"line":676,"column":16},"end":{"line":676,"column":32}}},"80":{"name":"center","line":692,"loc":{"start":{"line":692,"column":11},"end":{"line":692,"column":29}}},"81":{"name":"clone","line":699,"loc":{"start":{"line":699,"column":11},"end":{"line":699,"column":28}}},"82":{"name":"contains","line":704,"loc":{"start":{"line":704,"column":11},"end":{"line":704,"column":36}}},"83":{"name":"diff","line":724,"loc":{"start":{"line":724,"column":11},"end":{"line":724,"column":40}}},"84":{"name":"duration","line":729,"loc":{"start":{"line":729,"column":11},"end":{"line":729,"column":44}}},"85":{"name":"intersect","line":734,"loc":{"start":{"line":734,"column":11},"end":{"line":734,"column":37}}},"86":{"name":"isEqual","line":754,"loc":{"start":{"line":754,"column":11},"end":{"line":754,"column":35}}},"87":{"name":"isSame","line":759,"loc":{"start":{"line":759,"column":11},"end":{"line":759,"column":34}}},"88":{"name":"overlaps","line":764,"loc":{"start":{"line":764,"column":11},"end":{"line":764,"column":36}}},"89":{"name":"reverseBy","line":777,"loc":{"start":{"line":777,"column":11},"end":{"line":777,"column":40}}},"90":{"name":"(anonymous_90)","line":782,"loc":{"start":{"line":782,"column":63},"end":{"line":782,"column":75}}},"91":{"name":"next","line":789,"loc":{"start":{"line":789,"column":16},"end":{"line":789,"column":32}}},"92":{"name":"reverseByRange","line":805,"loc":{"start":{"line":805,"column":11},"end":{"line":805,"column":45}}},"93":{"name":"(anonymous_93)","line":815,"loc":{"start":{"line":815,"column":63},"end":{"line":815,"column":75}}},"94":{"name":"next","line":821,"loc":{"start":{"line":821,"column":16},"end":{"line":821,"column":32}}},"95":{"name":"subtract","line":837,"loc":{"start":{"line":837,"column":11},"end":{"line":837,"column":36}}},"96":{"name":"toDate","line":861,"loc":{"start":{"line":861,"column":11},"end":{"line":861,"column":29}}},"97":{"name":"toString","line":866,"loc":{"start":{"line":866,"column":11},"end":{"line":866,"column":31}}},"98":{"name":"valueOf","line":871,"loc":{"start":{"line":871,"column":11},"end":{"line":871,"column":30}}},"99":{"name":"extendMoment","line":883,"loc":{"start":{"line":883,"column":0},"end":{"line":883,"column":30}}},"100":{"name":"range","line":887,"loc":{"start":{"line":887,"column":17},"end":{"line":887,"column":44}}},"101":{"name":"(anonymous_101)","line":910,"loc":{"start":{"line":910,"column":21},"end":{"line":910,"column":38}}}},"statementMap":{"1":{"start":{"line":1,"column":0},"end":{"line":919,"column":3}},"2":{"start":{"line":2,"column":1},"end":{"line":9,"column":49}},"3":{"start":{"line":3,"column":2},"end":{"line":3,"column":46}},"4":{"start":{"line":4,"column":6},"end":{"line":9,"column":49}},"5":{"start":{"line":5,"column":2},"end":{"line":5,"column":46}},"6":{"start":{"line":6,"column":6},"end":{"line":9,"column":49}},"7":{"start":{"line":7,"column":2},"end":{"line":7,"column":55}},"8":{"start":{"line":9,"column":2},"end":{"line":9,"column":49}},"9":{"start":{"line":11,"column":0},"end":{"line":918,"column":12}},"10":{"start":{"line":13,"column":10},"end":{"line":13,"column":36}},"11":{"start":{"line":16,"column":10},"end":{"line":37,"column":11}},"12":{"start":{"line":19,"column":11},"end":{"line":20,"column":54}},"13":{"start":{"line":20,"column":12},"end":{"line":20,"column":54}},"14":{"start":{"line":23,"column":11},"end":{"line":27,"column":13}},"15":{"start":{"line":30,"column":11},"end":{"line":30,"column":95}},"16":{"start":{"line":33,"column":11},"end":{"line":33,"column":27}},"17":{"start":{"line":36,"column":11},"end":{"line":36,"column":33}},"18":{"start":{"line":41,"column":10},"end":{"line":41,"column":42}},"19":{"start":{"line":44,"column":10},"end":{"line":44,"column":51}},"20":{"start":{"line":47,"column":10},"end":{"line":47,"column":68}},"21":{"start":{"line":47,"column":52},"end":{"line":47,"column":65}},"22":{"start":{"line":50,"column":10},"end":{"line":58,"column":12}},"23":{"start":{"line":51,"column":11},"end":{"line":57,"column":12}},"24":{"start":{"line":52,"column":12},"end":{"line":56,"column":15}},"25":{"start":{"line":61,"column":10},"end":{"line":67,"column":12}},"26":{"start":{"line":62,"column":11},"end":{"line":64,"column":59}},"27":{"start":{"line":63,"column":36},"end":{"line":63,"column":61}},"28":{"start":{"line":64,"column":42},"end":{"line":64,"column":56}},"29":{"start":{"line":65,"column":11},"end":{"line":65,"column":54}},"30":{"start":{"line":66,"column":11},"end":{"line":66,"column":25}},"31":{"start":{"line":70,"column":10},"end":{"line":70,"column":128}},"32":{"start":{"line":70,"column":63},"end":{"line":70,"column":125}},"33":{"start":{"line":73,"column":10},"end":{"line":73,"column":37}},"34":{"start":{"line":76,"column":10},"end":{"line":76,"column":65}},"35":{"start":{"line":86,"column":0},"end":{"line":86,"column":78}},"36":{"start":{"line":93,"column":0},"end":{"line":93,"column":47}},"37":{"start":{"line":102,"column":0},"end":{"line":107,"column":6}},"38":{"start":{"line":109,"column":0},"end":{"line":129,"column":2}},"39":{"start":{"line":110,"column":1},"end":{"line":110,"column":28}},"40":{"start":{"line":111,"column":1},"end":{"line":117,"column":2}},"41":{"start":{"line":112,"column":2},"end":{"line":112,"column":18}},"42":{"start":{"line":113,"column":2},"end":{"line":113,"column":15}},"43":{"start":{"line":114,"column":2},"end":{"line":114,"column":14}},"44":{"start":{"line":116,"column":2},"end":{"line":116,"column":25}},"45":{"start":{"line":118,"column":1},"end":{"line":125,"column":2}},"46":{"start":{"line":119,"column":2},"end":{"line":119,"column":15}},"47":{"start":{"line":120,"column":2},"end":{"line":120,"column":12}},"48":{"start":{"line":122,"column":2},"end":{"line":122,"column":31}},"49":{"start":{"line":123,"column":2},"end":{"line":123,"column":31}},"50":{"start":{"line":124,"column":2},"end":{"line":124,"column":31}},"51":{"start":{"line":127,"column":1},"end":{"line":127,"column":70}},"52":{"start":{"line":128,"column":1},"end":{"line":128,"column":63}},"53":{"start":{"line":131,"column":0},"end":{"line":162,"column":2}},"54":{"start":{"line":132,"column":1},"end":{"line":132,"column":25}},"55":{"start":{"line":133,"column":1},"end":{"line":140,"column":2}},"56":{"start":{"line":134,"column":2},"end":{"line":134,"column":16}},"57":{"start":{"line":135,"column":2},"end":{"line":135,"column":12}},"58":{"start":{"line":136,"column":2},"end":{"line":136,"column":13}},"59":{"start":{"line":137,"column":2},"end":{"line":137,"column":14}},"60":{"start":{"line":139,"column":2},"end":{"line":139,"column":25}},"61":{"start":{"line":141,"column":1},"end":{"line":151,"column":2}},"62":{"start":{"line":142,"column":2},"end":{"line":142,"column":18}},"63":{"start":{"line":143,"column":8},"end":{"line":151,"column":2}},"64":{"start":{"line":144,"column":2},"end":{"line":144,"column":16}},"65":{"start":{"line":145,"column":2},"end":{"line":145,"column":24}},"66":{"start":{"line":146,"column":8},"end":{"line":151,"column":2}},"67":{"start":{"line":147,"column":2},"end":{"line":147,"column":18}},"68":{"start":{"line":148,"column":8},"end":{"line":151,"column":2}},"69":{"start":{"line":149,"column":2},"end":{"line":149,"column":16}},"70":{"start":{"line":150,"column":2},"end":{"line":150,"column":18}},"71":{"start":{"line":152,"column":1},"end":{"line":158,"column":2}},"72":{"start":{"line":153,"column":2},"end":{"line":153,"column":11}},"73":{"start":{"line":154,"column":2},"end":{"line":154,"column":12}},"74":{"start":{"line":156,"column":2},"end":{"line":156,"column":31}},"75":{"start":{"line":157,"column":2},"end":{"line":157,"column":31}},"76":{"start":{"line":160,"column":1},"end":{"line":160,"column":63}},"77":{"start":{"line":161,"column":1},"end":{"line":161,"column":63}},"78":{"start":{"line":172,"column":0},"end":{"line":174,"column":26}},"79":{"start":{"line":184,"column":0},"end":{"line":190,"column":2}},"80":{"start":{"line":185,"column":1},"end":{"line":185,"column":33}},"81":{"start":{"line":186,"column":1},"end":{"line":186,"column":48}},"82":{"start":{"line":186,"column":35},"end":{"line":186,"column":48}},"83":{"start":{"line":187,"column":1},"end":{"line":187,"column":22}},"84":{"start":{"line":188,"column":1},"end":{"line":188,"column":47}},"85":{"start":{"line":189,"column":1},"end":{"line":189,"column":56}},"86":{"start":{"line":200,"column":0},"end":{"line":203,"column":19}},"87":{"start":{"line":205,"column":0},"end":{"line":219,"column":2}},"88":{"start":{"line":206,"column":1},"end":{"line":206,"column":52}},"89":{"start":{"line":207,"column":1},"end":{"line":207,"column":28}},"90":{"start":{"line":208,"column":1},"end":{"line":212,"column":3}},"91":{"start":{"line":209,"column":2},"end":{"line":211,"column":3}},"92":{"start":{"line":209,"column":8},"end":{"line":209,"column":29}},"93":{"start":{"line":210,"column":3},"end":{"line":210,"column":25}},"94":{"start":{"line":210,"column":15},"end":{"line":210,"column":25}},"95":{"start":{"line":213,"column":1},"end":{"line":216,"column":2}},"96":{"start":{"line":214,"column":2},"end":{"line":214,"column":21}},"97":{"start":{"line":215,"column":2},"end":{"line":215,"column":28}},"98":{"start":{"line":217,"column":1},"end":{"line":217,"column":38}},"99":{"start":{"line":217,"column":26},"end":{"line":217,"column":38}},"100":{"start":{"line":218,"column":1},"end":{"line":218,"column":13}},"101":{"start":{"line":231,"column":0},"end":{"line":231,"column":70}},"102":{"start":{"line":231,"column":34},"end":{"line":231,"column":67}},"103":{"start":{"line":241,"column":0},"end":{"line":243,"column":26}},"104":{"start":{"line":253,"column":0},"end":{"line":258,"column":2}},"105":{"start":{"line":254,"column":1},"end":{"line":257,"column":30}},"106":{"start":{"line":255,"column":2},"end":{"line":255,"column":27}},"107":{"start":{"line":256,"column":2},"end":{"line":256,"column":14}},"108":{"start":{"line":257,"column":15},"end":{"line":257,"column":28}},"109":{"start":{"line":268,"column":0},"end":{"line":268,"column":23}},"110":{"start":{"line":270,"column":0},"end":{"line":272,"column":2}},"111":{"start":{"line":271,"column":1},"end":{"line":271,"column":55}},"112":{"start":{"line":282,"column":0},"end":{"line":282,"column":62}},"113":{"start":{"line":284,"column":0},"end":{"line":287,"column":2}},"114":{"start":{"line":285,"column":1},"end":{"line":285,"column":9}},"115":{"start":{"line":286,"column":1},"end":{"line":286,"column":38}},"116":{"start":{"line":286,"column":18},"end":{"line":286,"column":38}},"117":{"start":{"line":289,"column":0},"end":{"line":296,"column":2}},"118":{"start":{"line":290,"column":1},"end":{"line":290,"column":27}},"119":{"start":{"line":291,"column":1},"end":{"line":294,"column":4}},"120":{"start":{"line":292,"column":2},"end":{"line":292,"column":30}},"121":{"start":{"line":292,"column":23},"end":{"line":292,"column":30}},"122":{"start":{"line":293,"column":2},"end":{"line":293,"column":35}},"123":{"start":{"line":295,"column":1},"end":{"line":295,"column":15}},"124":{"start":{"line":306,"column":0},"end":{"line":309,"column":2}},"125":{"start":{"line":307,"column":1},"end":{"line":307,"column":72}},"126":{"start":{"line":307,"column":20},"end":{"line":307,"column":72}},"127":{"start":{"line":308,"column":1},"end":{"line":308,"column":14}},"128":{"start":{"line":319,"column":0},"end":{"line":321,"column":27}},"129":{"start":{"line":331,"column":0},"end":{"line":331,"column":23}},"130":{"start":{"line":333,"column":0},"end":{"line":336,"column":2}},"131":{"start":{"line":334,"column":1},"end":{"line":334,"column":54}},"132":{"start":{"line":334,"column":41},"end":{"line":334,"column":54}},"133":{"start":{"line":335,"column":1},"end":{"line":335,"column":76}},"134":{"start":{"line":346,"column":0},"end":{"line":346,"column":39}},"135":{"start":{"line":348,"column":0},"end":{"line":350,"column":2}},"136":{"start":{"line":349,"column":1},"end":{"line":349,"column":60}},"137":{"start":{"line":360,"column":0},"end":{"line":360,"column":48}},"138":{"start":{"line":362,"column":0},"end":{"line":374,"column":2}},"139":{"start":{"line":363,"column":1},"end":{"line":363,"column":12}},"140":{"start":{"line":364,"column":1},"end":{"line":364,"column":48}},"141":{"start":{"line":364,"column":35},"end":{"line":364,"column":48}},"142":{"start":{"line":365,"column":1},"end":{"line":365,"column":32}},"143":{"start":{"line":366,"column":1},"end":{"line":366,"column":52}},"144":{"start":{"line":366,"column":7},"end":{"line":366,"column":22}},"145":{"start":{"line":366,"column":37},"end":{"line":366,"column":50}},"146":{"start":{"line":369,"column":1},"end":{"line":369,"column":55}},"147":{"start":{"line":369,"column":42},"end":{"line":369,"column":55}},"148":{"start":{"line":370,"column":1},"end":{"line":370,"column":58}},"149":{"start":{"line":370,"column":45},"end":{"line":370,"column":58}},"150":{"start":{"line":371,"column":1},"end":{"line":371,"column":58}},"151":{"start":{"line":371,"column":45},"end":{"line":371,"column":58}},"152":{"start":{"line":373,"column":1},"end":{"line":373,"column":13}},"153":{"start":{"line":384,"column":0},"end":{"line":390,"column":2}},"154":{"start":{"line":385,"column":1},"end":{"line":385,"column":22}},"155":{"start":{"line":385,"column":9},"end":{"line":385,"column":22}},"156":{"start":{"line":386,"column":1},"end":{"line":386,"column":40}},"157":{"start":{"line":386,"column":28},"end":{"line":386,"column":40}},"158":{"start":{"line":387,"column":1},"end":{"line":387,"column":34}},"159":{"start":{"line":387,"column":21},"end":{"line":387,"column":34}},"160":{"start":{"line":388,"column":1},"end":{"line":388,"column":51}},"161":{"start":{"line":388,"column":38},"end":{"line":388,"column":51}},"162":{"start":{"line":389,"column":1},"end":{"line":389,"column":52}},"163":{"start":{"line":402,"column":0},"end":{"line":408,"column":17}},"164":{"start":{"line":410,"column":0},"end":{"line":416,"column":1}},"165":{"start":{"line":411,"column":1},"end":{"line":411,"column":23}},"166":{"start":{"line":412,"column":1},"end":{"line":415,"column":20}},"167":{"start":{"line":413,"column":2},"end":{"line":413,"column":25}},"168":{"start":{"line":414,"column":2},"end":{"line":414,"column":22}},"169":{"start":{"line":418,"column":0},"end":{"line":438,"column":5}},"170":{"start":{"line":419,"column":1},"end":{"line":419,"column":28}},"171":{"start":{"line":420,"column":1},"end":{"line":437,"column":3}},"172":{"start":{"line":421,"column":2},"end":{"line":421,"column":43}},"173":{"start":{"line":422,"column":2},"end":{"line":422,"column":52}},"174":{"start":{"line":422,"column":42},"end":{"line":422,"column":52}},"175":{"start":{"line":423,"column":2},"end":{"line":423,"column":26}},"176":{"start":{"line":424,"column":2},"end":{"line":424,"column":23}},"177":{"start":{"line":425,"column":2},"end":{"line":425,"column":21}},"178":{"start":{"line":426,"column":2},"end":{"line":435,"column":6}},"179":{"start":{"line":431,"column":3},"end":{"line":431,"column":33}},"180":{"start":{"line":431,"column":26},"end":{"line":431,"column":33}},"181":{"start":{"line":432,"column":3},"end":{"line":432,"column":28}},"182":{"start":{"line":433,"column":3},"end":{"line":433,"column":40}},"183":{"start":{"line":434,"column":3},"end":{"line":434,"column":29}},"184":{"start":{"line":436,"column":2},"end":{"line":436,"column":14}},"185":{"start":{"line":442,"column":0},"end":{"line":445,"column":2}},"186":{"start":{"line":443,"column":1},"end":{"line":443,"column":97}},"187":{"start":{"line":443,"column":35},"end":{"line":443,"column":97}},"188":{"start":{"line":444,"column":1},"end":{"line":444,"column":36}},"189":{"start":{"line":449,"column":0},"end":{"line":459,"column":2}},"190":{"start":{"line":450,"column":1},"end":{"line":450,"column":12}},"191":{"start":{"line":451,"column":1},"end":{"line":451,"column":91}},"192":{"start":{"line":451,"column":29},"end":{"line":451,"
[...]
ption = (description === undefined ? '' : String(description));","\treturn defineProperties(symbol, {","\t\t__description__: d('', description),","\t\t__name__: d('', generateName(description))","\t});","};","defineProperties(SymbolPolyfill, {","\tfor: d(function (key) {","\t\tif (globalSymbols[key]) return globalSymbols[key];","\t\treturn (globalSymbols[key] = SymbolPolyfill(String(key)));","\t}),","\tkeyFor: d(function (s) {","\t\tvar key;","\t\tvalidateSymbol(s);","\t\tfor (key in globalSymbols) if (globalSymbols[key] === s) return key;","\t}),","","\t// If there's native implementation of given symbol, let's fallback to it","\t// to ensure proper interoperability with other native functions e.g. Array.from","\thasInstance: d('', (NativeSymbol && NativeSymbol.hasInstance) || SymbolPolyfill('hasInstance')),","\tisConcatSpreadable: d('', (NativeSymbol && NativeSymbol.isConcatSpreadable) ||","\t\tSymbolPolyfill('isConcatSpreadable')),","\titerator: d('', (NativeSymbol && NativeSymbol.iterator) || SymbolPolyfill('iterator')),","\tmatch: d('', (NativeSymbol && NativeSymbol.match) || SymbolPolyfill('match')),","\treplace: d('', (NativeSymbol && NativeSymbol.replace) || SymbolPolyfill('replace')),","\tsearch: d('', (NativeSymbol && NativeSymbol.search) || SymbolPolyfill('search')),","\tspecies: d('', (NativeSymbol && NativeSymbol.species) || SymbolPolyfill('species')),","\tsplit: d('', (NativeSymbol && NativeSymbol.split) || SymbolPolyfill('split')),","\ttoPrimitive: d('', (NativeSymbol && NativeSymbol.toPrimitive) || SymbolPolyfill('toPrimitive')),","\ttoStringTag: d('', (NativeSymbol && NativeSymbol.toStringTag) || SymbolPolyfill('toStringTag')),","\tunscopables: d('', (NativeSymbol && NativeSymbol.unscopables) || SymbolPolyfill('unscopables'))","});","","// Internal tweaks for real symbol producer","defineProperties(HiddenSymbol.prototype, {","\tconstructor: d(SymbolPolyfill),","\ttoString: d('', function () { return this.__name__; })","});","","// Proper implementation of methods exposed on Symbol.prototype","// They won't be accessible on produced symbol instances as they derive from HiddenSymbol.prototype","defineProperties(SymbolPolyfill.prototype, {","\ttoString: d(function () { return 'Symbol (' + validateSymbol(this).__description__ + ')'; }),","\tvalueOf: d(function () { return validateSymbol(this); })","});","defineProperty(SymbolPolyfill.prototype, SymbolPolyfill.toPrimitive, d('', function () {","\tvar symbol = validateSymbol(this);","\tif (typeof symbol === 'symbol') return symbol;","\treturn symbol.toString();","}));","defineProperty(SymbolPolyfill.prototype, SymbolPolyfill.toStringTag, d('c', 'Symbol'));","","// Proper implementaton of toPrimitive and toStringTag for returned symbol instances","defineProperty(HiddenSymbol.prototype, SymbolPolyfill.toStringTag,","\td('c', SymbolPolyfill.prototype[SymbolPolyfill.toStringTag]));","","// Note: It's important to define `toPrimitive` as last one, as some implementations","// implement `toPrimitive` natively without implementing `toStringTag` (or other specified symbols)","// And that may invoke error in definition flow:","// See: https://github.com/medikoo/es6-symbol/issues/13#issuecomment-164146149","defineProperty(HiddenSymbol.prototype, SymbolPolyfill.toPrimitive,","\td('c', SymbolPolyfill.prototype[SymbolPolyfill.toPrimitive]));","","","/***/ }),","/* 18 */","/***/ (function(module, exports, __webpack_require__) {","","\"use strict\";","","","var isSymbol = __webpack_require__(16);","","module.exports = function (value) {","\tif (!isSymbol(value)) throw new TypeError(value + \" is not a symbol\");","\treturn value;","};","","","/***/ }),","/* 19 */","/***/ (function(module, exports, __webpack_require__) {","","\"use strict\";","","","Object.defineProperty(exports, \"__esModule\", {","  value: true","});","exports.DateRange = undefined;","","var _slicedToArray = function () { function sliceIterator(arr, i) { var _arr = []; var _n = true; var _d = false; var _e = undefined; try { for (var _i = arr[Symbol.iterator](), _s; !(_n = (_s = _i.next()).done); _n = true) { _arr.push(_s.value); if (i && _arr.length === i) break; } } catch (err) { _d = true; _e = err; } finally { try { if (!_n && _i[\"return\"]) _i[\"return\"](); } finally { if (_d) throw _e; } } return _arr; } return function (arr, i) { if (Array.isArray(arr)) { return arr; } else if (Symbol.iterator in Object(arr)) { return sliceIterator(arr, i); } else { throw new TypeError(\"Invalid attempt to destructure non-iterable instance\"); } }; }();","","var _typeof = typeof Symbol === \"function\" && typeof Symbol.iterator === \"symbol\" ? function (obj) { return typeof obj; } : function (obj) { return obj && typeof Symbol === \"function\" && obj.constructor === Symbol && obj !== Symbol.prototype ? \"symbol\" : typeof obj; };","","var _createClass = function () { function defineProperties(target, props) { for (var i = 0; i < props.length; i++) { var descriptor = props[i]; descriptor.enumerable = descriptor.enumerable || false; descriptor.configurable = true; if (\"value\" in descriptor) descriptor.writable = true; Object.defineProperty(target, descriptor.key, descriptor); } } return function (Constructor, protoProps, staticProps) { if (protoProps) defineProperties(Constructor.prototype, protoProps); if (staticProps) defineProperties(Constructor, staticProps); return Constructor; }; }();","","exports.extendMoment = extendMoment;","","var _moment = __webpack_require__(1);","","var _moment2 = _interopRequireDefault(_moment);","","var _es6Symbol = __webpack_require__(0);","","var _es6Symbol2 = _interopRequireDefault(_es6Symbol);","","function _interopRequireDefault(obj) { return obj && obj.__esModule ? obj : { default: obj }; }","","function _defineProperty(obj, key, value) { if (key in obj) { Object.defineProperty(obj, key, { value: value, enumerable: true, configurable: true, writable: true }); } else { obj[key] = value; } return obj; }","","function _classCallCheck(instance, Constructor) { if (!(instance instanceof Constructor)) { throw new TypeError(\"Cannot call a class as a function\"); } }","","//-----------------------------------------------------------------------------","// Constants","//-----------------------------------------------------------------------------","","var INTERVALS = {","  year: true,","  quarter: true,","  month: true,","  week: true,","  day: true,","  hour: true,","  minute: true,","  second: true","};","","//-----------------------------------------------------------------------------","// Date Ranges","//-----------------------------------------------------------------------------","","var DateRange = exports.DateRange = function () {","  function DateRange(start, end) {","    _classCallCheck(this, DateRange);","","    var s = start;","    var e = end;","","    if (arguments.length === 1 || end === undefined) {","      if ((typeof start === 'undefined' ? 'undefined' : _typeof(start)) === 'object' && start.length === 2) {","        var _start = _slicedToArray(start, 2);","","        s = _start[0];","        e = _start[1];","      } else if (typeof start === 'string') {","        var _start$split = start.split('/');","","        var _start$split2 = _slicedToArray(_start$split, 2);","","        s = _start$split2[0];","        e = _start$split2[1];","      }","    }","","    this.start = s === null ? (0, _moment2.default)(-8640000000000000) : (0, _moment2.default)(s);","    this.end = e === null ? (0, _moment2.default)(8640000000000000) : (0, _moment2.default)(e);","  }","","  _createClass(DateRange, [{","    key: 'adjacent',","    value: function adjacent(other) {","      var sameStartEnd = this.start.isSame(other.end);","      var sameEndStart = this.end.isSame(other.start);","","      return sameStartEnd && other.start.valueOf() <= this.start.valueOf() || sameEndStart && other.end.valueOf() >= this.end.valueOf();","    }","  }, {","    key: 'add',","    value: function add(other) {","      if (this.overlaps(other)) {","        return new this.constructor(_moment2.default.min(this.start, other.start), _moment2.default.max(this.end, other.end));","      }","","      return null;","    }","  }, {","    key: 'by',","    value: function by(interval) {","      var options = arguments.length > 1 && arguments[1] !== undefined ? arguments[1] : { exclusive: false, step: 1 };","","      var range = this;","","      return _defineProperty({}, _es6Symbol2.default.iterator, function () {","        var exclusive = options.exclusive || false;","        var step = options.step || 1;","        var diff = Math.abs(range.start.diff(range.end, interval)) / step;","        var iteration = 0;","","        return {","          next: function next() {","            var current = range.start.clone().add(iteration * step, interval);","            var done = exclusive ? !(iteration < diff) : !(iteration <= diff);","","            iteration++;","","            return {","              done: done,","              value: done ? undefined : current","            };","          }","        };","      });","    }","  }, {","    key: 'byRange',","    value: function byRange(interval) {","      var options = arguments.length > 1 && arguments[1] !== undefined ? arguments[1] : { exclusive: false, step: 1 };","","      var range = this;","      var step = options.step || 1;","      var diff = this.valueOf() / interval.valueOf() / step;","      var exclusive = options.exclusive || false;","      var unit = Math.floor(diff);","      var iteration = 0;","","      return _defineProperty({}, _es6Symbol2.default.iterator, function () {","        if (unit === Infinity) {","          return { done: true };","        }","","        return {","          next: function next() {","            var current = (0, _moment2.default)(range.start.valueOf() + interval.valueOf() * iteration * step);","            var done = unit === diff && exclusive ? !(iteration < unit) : !(iteration <= unit);","","            iteration++;","","            return {","              done: done,","              value: done ? undefined : current","            };","          }","        };","      });","    }","  }, {","    key: 'center',","    value: function center() {","      var center = this.start.valueOf() + this.diff() / 2;","","      return (0, _moment2.default)(center);","    }","  }, {","    key: 'clone',","    value: function clone() {","      return new this.constructor(this.start, this.end);","    }","  }, {","    key: 'contains',","    value: function contains(other) {","      var options = arguments.length > 1 && arguments[1] !== undefined ? arguments[1] : { exclusive: false };","","      var start = this.start.valueOf();","      var end = this.end.valueOf();","      var oStart = other.valueOf();","      var oEnd = other.valueOf();","","      if (other instanceof DateRange) {","        oStart = other.start.valueOf();","        oEnd = other.end.valueOf();","      }","","      var startInRange = start < oStart || start <= oStart && !options.exclusive;","      var endInRange = end > oEnd || end >= oEnd && !options.exclusive;","","      return startInRange && endInRange;","    }","  }, {","    key: 'diff',","    value: function diff(unit, rounded) {","      return this.end.diff(this.start, unit, rounded);","    }","  }, {","    key: 'duration',","    value: function duration(unit, rounded) {","      return this.diff(unit, rounded);","    }","  }, {","    key: 'intersect',","    value: function intersect(other) {","      var start = this.start.valueOf();","      var end = this.end.valueOf();","      var oStart = other.start.valueOf();","      var oEnd = other.end.valueOf();","","      if (start <= oStart && oStart < end && end < oEnd) {","        return new this.constructor(oStart, end);","      } else if (oStart < start && start < oEnd && oEnd <= end) {","        return new this.constructor(start, oEnd);","      } else if (oStart < start && start <= end && end < oEnd) {","        return this;","      } else if (start <= oStart && oStart <= oEnd && oEnd <= end) {","        return other;","      }","","      return null;","    }","  }, {","    key: 'isEqual',","    value: function isEqual(other) {","      return this.start.isSame(other.start) && this.end.isSame(other.end);","    }","  }, {","    key: 'isSame',","    value: function isSame(other) {","      return this.isEqual(other);","    }","  }, {","    key: 'overlaps',","    value: function overlaps(other) {","      var options = arguments.length > 1 && arguments[1] !== undefined ? arguments[1] : { adjacent: false };","","      var intersect = this.intersect(other) !== null;","","      if (options.adjacent && !intersect) {","        return this.adjacent(other);","      }","","      return intersect;","    }","  }, {","    key: 'reverseBy',","    value: function reverseBy(interval) {","      var options = arguments.length > 1 && arguments[1] !== undefined ? arguments[1] : { exclusive: false, step: 1 };","","      var range = this;","","      return _defineProperty({}, _es6Symbol2.default.iterator, function () {","        var exclusive = options.exclusive || false;","        var step = options.step || 1;","        var diff = Math.abs(range.start.diff(range.end, interval)) / step;","        var iteration = 0;","","        return {","          next: function next() {","            var current = range.end.clone().subtract(iteration * step, interval);","            var done = exclusive ? !(iteration < diff) : !(iteration <= diff);","","            iteration++;","","            return {","              done: done,","              value: done ? undefined : current","            };","          }","        };","      });","    }","  }, {","    key: 'reverseByRange',","    value: function reverseByRange(interval) {","      var options = arguments.length > 1 && arguments[1] !== undefined ? arguments[1] : { exclusive: false, step: 1 };","","      var range = this;","      var step = options.step || 1;","      var diff = this.valueOf() / interval.valueOf() / step;","      var exclusive = options.exclusive || false;","      var unit = Math.floor(diff);","      var iteration = 0;","","      return _defineProperty({}, _es6Symbol2.default.iterator, function () {","        if (unit === Infinity) {","          return { done: true };","        }","","        return {","          next: function next() {","            var current = (0, _moment2.default)(range.end.valueOf() - interval.valueOf() * iteration * step);","            var done = unit === diff && exclusive ? !(iteration < unit) : !(iteration <= unit);","","            iteration++;","","            return {","              done: done,","              value: done ? undefined : current","            };","          }","        };","      });","    }","  }, {","    key: 'subtract',","    value: function subtract(other) {","      var start = this.start.valueOf();","      var end = this.end.valueOf();","      var oStart = other.start.valueOf();","      var oEnd = other.end.valueOf();","","      if (this.intersect(other) === null) {","        return [this];","      } else if (oStart <= start && start < end && end <= oEnd) {","        return [];","      } else if (oStart <= start && start < oEnd && oEnd < end) {","        return [new this.constructor(oEnd, end)];","      } else if (start < oStart && oStart < end && end <= oEnd) {","        return [new this.constructor(start, oStart)];","      } else if (start < oStart && oStart < oEnd && oEnd < end) {","        return [new this.constructor(start, oStart), new this.constructor(oEnd, end)];","      } else if (start < oStart && oStart < end && oEnd < end) {","        return [new this.constructor(start, oStart), new this.constructor(oStart, end)];","      }","","      return [];","    }","  }, {","    key: 'toDate',","    value: function toDate() {","      return [this.start.toDate(), this.end.toDate()];","    }","  }, {","    key: 'toString',","    value: function toString() {","      return this.start.format() + '/' + this.end.format();","    }","  }, {","    key: 'valueOf',","    value: function valueOf() {","      return this.end.valueOf() - this.start.valueOf();","    }","  }]);","","  return DateRange;","}();","","//-----------------------------------------------------------------------------","// Moment Extensions","//-----------------------------------------------------------------------------","","function extendMoment(moment) {","  /**","   * Build a date range.","   */","  moment.range = function range(start, end) {","    var m = this;","","    if (INTERVALS.hasOwnProperty(start)) {","      return new DateRange(moment(m).startOf(start), moment(m).endOf(start));","    }","","    return new DateRange(start, end);","  };","","  /**","   * Alias of static constructor.","   */","  moment.fn.range = moment.range;","","  /**","   * Expose constructor","   */","  moment.range.constructor = DateRange;","","  /**","   * Check if the current moment is within a given date range.","   */","  moment.fn.within = function (range) {","    return range.contains(this.toDate());","  };","","  return moment;","}","","/***/ })","/******/ ]);","});","//# sourceMappingURL=moment-range.js.map"],"l":{"1":1,"2":1,"3":1,"4":0,"5":0,"6":0,"7":0,"9":0,"11":1,"13":1,"16":1,"19":4,"20":0,"23":4,"30":4,"33":4,"36":4,"41":1,"44":1,"47":1,"50":1,"51":0,"52":0,"61":1,"62":0,"63":0,"64":0,"65":0,"66":0,"70":1,"73":1,"76":1,"86":1,"93":1,"102":0,"109":0,"110":0,"111":0,"112":0,"113":0,"114":0,"116":0,"118":0,"119":0,"120":0,"122":0,"123":0,"124":0,"127":0,"128":0,"131":0,"132":0,"133":0,"134":0,"135":0,"136":0,"137":0,"139":0,"141":0,"142":0,"143":0,"144":0,"145":0,"146":0,"147":0,"148":0,"149":0,"150":0,"152":0,"153":0,"154":0,"156":0,"157":0,"160":0,"161":0,"172":0,"184":0,"185":0,"186":0,"187":0,"188":0,"189":0,"200":0,"205":0,"206":0,"207":0,"208":0,"209":0,"210":0,"213":0,"214":0,"215":0,"217":0,"218":0,"231":0,"241":0,"253":0,"254":0,"255":0,"256":0,"257":0,"268":0,"270":0,"271":0,"282":0,"284":0,"285":0,"286":0,"289":0,"290":0,"291":0,"292":0,"293":0,"295":0,"306":0,"307":0,"308":0,"319":0,"331":0,"333":0,"334":0,"335":0,"346":0,"348":0,"349":0,"360":1,"362":1,"363":1,"364":1,"365":1,"366":1,"369":1,"370":1,"371":1,"373":1,"384":0,"385":0,"386":0,"387":0,"388":0,"389":0,"402":0,"410":0,"411":0,"412":0,"413":0,"414":0,"418":0,"419":0,"420":0,"421":0,"422":0,"423":0,"424":0,"425":0,"426":0,"431":0,"432":0,"433":0,"434":0,"436":0,"442":0,"443":0,"444":0,"449":0,"450":0,"451":0,"452":0,"453":0,"454":0,"455":0,"460":0,"462":0,"463":0,"466":0,"467":0,"468":0,"488":0,"490":0,"495":0,"496":0,"497":0,"499":0,"500":0,"501":0,"502":0,"504":0,"507":0,"514":0,"525":0,"527":0,"528":0,"529":0,"540":1,"543":1,"545":1,"547":1,"549":19,"551":1,"553":1,"555":1,"557":1,"559":1,"561":2,"563":1,"565":1,"571":1,"586":1,"587":1,"588":0,"590":0,"591":0,"593":0,"594":0,"595":0,"597":0,"598":0,"599":0,"600":0,"602":0,"604":0,"605":0,"609":0,"610":0,"613":1,"616":0,"617":0,"619":0,"624":0,"625":0,"628":0,"633":0,"635":0,"637":0,"638":0,"639":0,"640":0,"641":0,"643":0,"645":0,"646":0,"648":0,"650":0,"661":0,"663":0,"664":0,"665":0,"666":0,"667":0,"668":0,"670":0,"671":0,"672":0,"675":0,"677":0,"678":0,"680":0,"682":0,"693":0,"695":0,"700":0,"705":0,"707":0,"708":0,"709":0,"710":0,"712":0,"713":0,"714":0,"717":0,"718":0,"720":0,"725":0,"730":0,"735":0,"736":0,"737":0,"738":0,"740":0,"741":0,"742":0,"743":0,"744":0,"745":0,"746":0,"747":0,"750":0,"755":0,"760":0,"765":0,"767":0,"769":0,"770":0,"773":0,"778":0,"780":0,"782":0,"783":0,"784":0,"785":0,"786":0,"788":0,"790":0,"791":0,"793":0,"795":0,"806":0,"808":0,"809":0,"810":0,"811":0,"812":0,"813":0,"815":0,"816":0,"817":0,"820":0,"822":0,"823":0,"825":0,"827":0,"838":0,"839":0,"840":0,"841":0,"843":0,"844":0,"845":0,"846":0,"847":0,"848":0,"849":0,"850":0,"851":0,"852":0,"853":0,"854":0,"857":0,"862":0,"867":0,"872":0,"876":1,"883":1,"887":0,"888":0,"890":0,"891":0,"894":0,"900":0,"905":0,"910":0,"911":0,"914":0}}}